<?xml version="1.0" encoding="UTF-8"?>
<testsuite xmlns:xsi="http://www.w3.org/2001/XMLSchema-instance" xsi:noNamespaceSchemaLocation="https://maven.apache.org/surefire/maven-surefire-plugin/xsd/surefire-test-report-3.0.xsd" version="3.0" name="be.vives.ti.CycloCrossApi.CycloCrossApiApplicationTests" time="7.235" tests="1" errors="0" skipped="0" failures="0">
  <properties>
[...]
</properties>
  <testcase name="contextLoads" classname="be.vives.ti.CycloCrossApi.CycloCrossApiApplicationTests" time="0.456">
    <system-out><![CDATA[16:11:19.426 [main] INFO org.springframework.test.context.support.AnnotationConfigContextLoaderUtils -- Could not detect default configuration classes for test class [be.vives.ti.CycloCrossApi.CycloCrossApiApplicationTests]: CycloCrossApiApplicationTests does not declare any static, non-private, non-final, nested classes annotated with @Configuration.
16:11:19.517 [main] INFO org.springframework.boot.test.context.SpringBootTestContextBootstrapper -- Found @SpringBootConfiguration be.vives.ti.CycloCrossApi.CycloCrossApiApplication for test class be.vives.ti.CycloCrossApi.CycloCrossApiApplicationTests

  .   ____          _            __ _ _
 /\\ / ___'_ __ _ _(_)_ __  __ _ \ \ \ \
( ( )\___ | '_ | '_| | '_ \/ _` | \ \ \ \
 \\/  ___)| |_)| | | | | || (_| |  ) ) ) )
  '  |____| .__|_| |_|_| |_\__, | / / / /
 =========|_|==============|___/=/_/_/_/
 :: Spring Boot ::                (v3.1.5)

2023-11-30T16:11:19.866+01:00  INFO 5524 --- [           main] b.v.t.C.CycloCrossApiApplicationTests    : Starting CycloCrossApiApplicationTests using Java 21.0.1 with PID 5524 (started by Jonas Notredame in C:\Users\Jonas Notredame\Derde jaar Software Dev\Java backend\ex\local\JavaBackendApplication)
2023-11-30T16:11:19.867+01:00  INFO 5524 --- [           main] b.v.t.C.CycloCrossApiApplicationTests    : The following 1 profile is active: "dev"
2023-11-30T16:11:20.720+01:00  INFO 5524 --- [           main] .s.d.r.c.RepositoryConfigurationDelegate : Bootstrapping Spring Data JPA repositories in DEFAULT mode.
2023-11-30T16:11:20.779+01:00  INFO 5524 --- [           main] .s.d.r.c.RepositoryConfigurationDelegate : Finished Spring Data repository scanning in 50 ms. Found 4 JPA repository interfaces.
2023-11-30T16:11:21.192+01:00  INFO 5524 --- [           main] com.zaxxer.hikari.HikariDataSource       : HikariPool-1 - Starting...
2023-11-30T16:11:21.409+01:00  INFO 5524 --- [           main] com.zaxxer.hikari.pool.HikariPool        : HikariPool-1 - Added connection conn0: url=jdbc:h2:mem:cyclocrossdb user=SA
2023-11-30T16:11:21.411+01:00  INFO 5524 --- [           main] com.zaxxer.hikari.HikariDataSource       : HikariPool-1 - Start completed.
2023-11-30T16:11:21.456+01:00  INFO 5524 --- [           main] o.hibernate.jpa.internal.util.LogHelper  : HHH000204: Processing PersistenceUnitInfo [name: default]
2023-11-30T16:11:21.552+01:00  INFO 5524 --- [           main] org.hibernate.Version                    : HHH000412: Hibernate ORM core version 6.2.13.Final
2023-11-30T16:11:21.555+01:00  INFO 5524 --- [           main] org.hibernate.cfg.Environment            : HHH000406: Using bytecode reflection optimizer
2023-11-30T16:11:21.868+01:00  INFO 5524 --- [           main] o.s.o.j.p.SpringPersistenceUnitInfo      : No LoadTimeWeaver setup: ignoring JPA class transformer
2023-11-30T16:11:21.920+01:00  WARN 5524 --- [           main] org.hibernate.orm.deprecation            : HHH90000025: H2Dialect does not need to be specified explicitly using 'hibernate.dialect' (remove the property setting and it will be selected by default)
2023-11-30T16:11:22.761+01:00  INFO 5524 --- [           main] o.h.e.t.j.p.i.JtaPlatformInitiator       : HHH000489: No JTA platform available (set 'hibernate.transaction.jta.platform' to enable JTA platform integration)
Hibernate: drop table if exists calendar cascade 
Hibernate: drop table if exists race cascade 
Hibernate: drop table if exists rider cascade 
Hibernate: drop table if exists rider_program cascade 
Hibernate: drop table if exists riders_in_race cascade 
Hibernate: drop table if exists team cascade 
Hibernate: drop sequence if exists calendar_seq
Hibernate: drop sequence if exists rider_seq
Hibernate: drop sequence if exists team_seq
Hibernate: create sequence calendar_seq start with 1 increment by 50
Hibernate: create sequence rider_seq start with 1 increment by 50
Hibernate: create sequence team_seq start with 1 increment by 50
Hibernate: create table calendar (end_year integer not null, start_year integer not null, id bigint not null, primary key (id))
Hibernate: create table race (count_of_viewers integer not null, date date not null, calendar_id bigint, id bigint generated by default as identity, winner_id bigint, country_code varchar(255) not null, location varchar(255) not null, name varchar(255) not null, race_creator varchar(255), primary key (id))
Hibernate: create table rider (birth_day date not null, wins integer not null, fk_team bigint not null, id bigint not null, country_code varchar(255) not null, first_name varchar(255) not null, gear_description varchar(255), last_name varchar(255) not null, primary key (id))
Hibernate: create table rider_program (race_id bigint not null, rider_id bigint not null)
Hibernate: create table riders_in_race (race_id bigint not null, rider_id bigint not null)
Hibernate: create table team (id bigint not null, head_sponsor varchar(255) not null, name varchar(255) not null, primary key (id))
Hibernate: alter table if exists race add constraint FK6nvi38h2rai34pe50pcg0qcij foreign key (winner_id) references rider
Hibernate: alter table if exists race add constraint FKbta85pxdi3v2vxu31xlksv5if foreign key (calendar_id) references calendar
Hibernate: alter table if exists rider add constraint FKn1iuow8ttt6a7du9uordyyycv foreign key (fk_team) references team
Hibernate: alter table if exists rider_program add constraint FKi601hig4mbnn0u8jcf4xs0tre foreign key (race_id) references race
Hibernate: alter table if exists rider_program add constraint FKer7d24oddjg19uwxjrr2pev1r foreign key (rider_id) references rider
Hibernate: alter table if exists riders_in_race add constraint FKbtfwihiqtnq1sxnkwra1974rb foreign key (rider_id) references rider
Hibernate: alter table if exists riders_in_race add constraint FKdds15yqke7334dshksexyw1w6 foreign key (race_id) references race
2023-11-30T16:11:22.806+01:00  INFO 5524 --- [           main] j.LocalContainerEntityManagerFactoryBean : Initialized JPA EntityManagerFactory for persistence unit 'default'
2023-11-30T16:11:23.568+01:00  WARN 5524 --- [           main] JpaBaseConfiguration$JpaWebConfiguration : spring.jpa.open-in-view is enabled by default. Therefore, database queries may be performed during view rendering. Explicitly configure spring.jpa.open-in-view to disable this warning
2023-11-30T16:11:24.277+01:00  INFO 5524 --- [           main] o.s.b.a.h2.H2ConsoleAutoConfiguration    : H2 console available at '/h2-console'. Database available at 'jdbc:h2:mem:cyclocrossdb'
2023-11-30T16:11:24.305+01:00  INFO 5524 --- [           main] o.s.b.a.e.web.EndpointLinksResolver      : Exposing 1 endpoint(s) beneath base path '/actuator'
2023-11-30T16:11:24.407+01:00  INFO 5524 --- [           main] b.v.t.C.CycloCrossApiApplicationTests    : Started CycloCrossApiApplicationTests in 4.765 seconds (process running for 5.608)
Hibernate: select next value for calendar_seq
Hibernate: select t1_0.id,t1_0.head_sponsor,t1_0.name,m1_0.fk_team,m1_0.id,m1_0.birth_day,m1_0.country_code,m1_0.first_name,m1_0.gear_description,m1_0.last_name,m1_0.wins from team t1_0 left join rider m1_0 on t1_0.id=m1_0.fk_team where t1_0.id=?
Hibernate: select next value for team_seq
Hibernate: select r1_0.id,r1_0.birth_day,r1_0.country_code,r1_0.first_name,r1_0.gear_description,r1_0.last_name,r1_0.fk_team,t1_0.id,t1_0.head_sponsor,t1_0.name,r1_0.wins,p1_0.rider_id,p1_1.id,p1_1.count_of_viewers,p1_1.country_code,p1_1.date,p1_1.location,p1_1.name,p1_1.race_creator,w1_0.id,w1_0.birth_day,w1_0.country_code,w1_0.first_name,w1_0.gear_description,w1_0.last_name,w1_0.fk_team,t2_0.id,t2_0.head_sponsor,t2_0.name,w1_0.wins from rider r1_0 join team t1_0 on t1_0.id=r1_0.fk_team left join (rider_program p1_0 join race p1_1 on p1_1.id=p1_0.race_id) on r1_0.id=p1_0.rider_id left join rider w1_0 on w1_0.id=p1_1.winner_id left join team t2_0 on t2_0.id=w1_0.fk_team where r1_0.id=?
Hibernate: select next value for rider_seq
Hibernate: select r1_0.id,r1_0.count_of_viewers,r1_0.country_code,r1_0.date,r1_0.location,r1_0.name,r1_0.race_creator,w1_0.id,w1_0.birth_day,w1_0.country_code,w1_0.first_name,w1_0.gear_description,w1_0.last_name,w1_0.fk_team,t1_0.id,t1_0.head_sponsor,t1_0.name,w1_0.wins,p1_0.rider_id,p1_1.id,p1_1.count_of_viewers,p1_1.country_code,p1_1.date,p1_1.location,p1_1.name,p1_1.race_creator from race r1_0 left join rider w1_0 on w1_0.id=r1_0.winner_id left join team t1_0 on t1_0.id=w1_0.fk_team left join (rider_program p1_0 join race p1_1 on p1_1.id=p1_0.race_id) on w1_0.id=p1_0.rider_id where r1_0.id=?
Hibernate: insert into calendar (end_year,start_year,id) values (?,?,?)
Hibernate: insert into team (head_sponsor,name,id) values (?,?,?)
Hibernate: insert into rider (birth_day,country_code,first_name,gear_description,last_name,fk_team,wins,id) values (?,?,?,?,?,?,?,?)
Hibernate: insert into race (count_of_viewers,country_code,date,location,name,race_creator,winner_id,id) values (?,?,?,?,?,?,?,default)
Hibernate: update rider set birth_day=?,country_code=?,first_name=?,gear_description=?,last_name=?,fk_team=?,wins=? where id=?
Hibernate: update race set count_of_viewers=?,country_code=?,date=?,location=?,name=?,race_creator=?,winner_id=? where id=?
Hibernate: update race set calendar_id=? where id=?
Hibernate: insert into riders_in_race (race_id,rider_id) values (?,?)
Hibernate: select r1_0.id,r1_0.birth_day,r1_0.country_code,r1_0.first_name,r1_0.gear_description,r1_0.last_name,r1_0.fk_team,r1_0.wins from rider r1_0 where r1_0.first_name=? and r1_0.last_name=?
Hibernate: select next value for calendar_seq
Hibernate: select t1_0.id,t1_0.head_sponsor,t1_0.name,m1_0.fk_team,m1_0.id,m1_0.birth_day,m1_0.country_code,m1_0.first_name,m1_0.gear_description,m1_0.last_name,m1_0.wins from team t1_0 left join rider m1_0 on t1_0.id=m1_0.fk_team where t1_0.id=?
Hibernate: select next value for team_seq
Hibernate: select r1_0.id,r1_0.birth_day,r1_0.country_code,r1_0.first_name,r1_0.gear_description,r1_0.last_name,r1_0.fk_team,t1_0.id,t1_0.head_sponsor,t1_0.name,r1_0.wins,p1_0.rider_id,p1_1.id,p1_1.count_of_viewers,p1_1.country_code,p1_1.date,p1_1.location,p1_1.name,p1_1.race_creator,w1_0.id,w1_0.birth_day,w1_0.country_code,w1_0.first_name,w1_0.gear_description,w1_0.last_name,w1_0.fk_team,t2_0.id,t2_0.head_sponsor,t2_0.name,w1_0.wins from rider r1_0 join team t1_0 on t1_0.id=r1_0.fk_team left join (rider_program p1_0 join race p1_1 on p1_1.id=p1_0.race_id) on r1_0.id=p1_0.rider_id left join rider w1_0 on w1_0.id=p1_1.winner_id left join team t2_0 on t2_0.id=w1_0.fk_team where r1_0.id=?
Hibernate: select next value for rider_seq
Hibernate: select r1_0.id,r1_0.count_of_viewers,r1_0.country_code,r1_0.date,r1_0.location,r1_0.name,r1_0.race_creator,w1_0.id,w1_0.birth_day,w1_0.country_code,w1_0.first_name,w1_0.gear_description,w1_0.last_name,w1_0.fk_team,t1_0.id,t1_0.head_sponsor,t1_0.name,w1_0.wins,p1_0.rider_id,p1_1.id,p1_1.count_of_viewers,p1_1.country_code,p1_1.date,p1_1.location,p1_1.name,p1_1.race_creator from race r1_0 left join rider w1_0 on w1_0.id=r1_0.winner_id left join team t1_0 on t1_0.id=w1_0.fk_team left join (rider_program p1_0 join race p1_1 on p1_1.id=p1_0.race_id) on w1_0.id=p1_0.rider_id where r1_0.id=?
Hibernate: insert into calendar (end_year,start_year,id) values (?,?,?)
Hibernate: insert into team (head_sponsor,name,id) values (?,?,?)
Hibernate: insert into rider (birth_day,country_code,first_name,gear_description,last_name,fk_team,wins,id) values (?,?,?,?,?,?,?,?)
Hibernate: insert into race (count_of_viewers,country_code,date,location,name,race_creator,winner_id,id) values (?,?,?,?,?,?,?,default)
Hibernate: update rider set birth_day=?,country_code=?,first_name=?,gear_description=?,last_name=?,fk_team=?,wins=? where id=?
Hibernate: update race set count_of_viewers=?,country_code=?,date=?,location=?,name=?,race_creator=?,winner_id=? where id=?
Hibernate: insert into rider_program (rider_id,race_id) values (?,?)
Hibernate: update race set calendar_id=? where id=?
Hibernate: insert into riders_in_race (race_id,rider_id) values (?,?)
Hibernate: select r1_0.id,r1_0.birth_day,r1_0.country_code,r1_0.first_name,r1_0.gear_description,r1_0.last_name,r1_0.fk_team,r1_0.wins from rider r1_0 where r1_0.first_name=? and r1_0.last_name=?
Hibernate: select t1_0.id,t1_0.head_sponsor,t1_0.name,m1_0.fk_team,m1_0.id,m1_0.birth_day,m1_0.country_code,m1_0.first_name,m1_0.gear_description,m1_0.last_name,m1_0.wins from team t1_0 left join rider m1_0 on t1_0.id=m1_0.fk_team where t1_0.id=?
Hibernate: select r1_0.id,r1_0.birth_day,r1_0.country_code,r1_0.first_name,r1_0.gear_description,r1_0.last_name,r1_0.fk_team,t1_0.id,t1_0.head_sponsor,t1_0.name,r1_0.wins,p1_0.rider_id,p1_1.id,p1_1.count_of_viewers,p1_1.country_code,p1_1.date,p1_1.location,p1_1.name,p1_1.race_creator,w1_0.id,w1_0.birth_day,w1_0.country_code,w1_0.first_name,w1_0.gear_description,w1_0.last_name,w1_0.fk_team,t2_0.id,t2_0.head_sponsor,t2_0.name,w1_0.wins from rider r1_0 join team t1_0 on t1_0.id=r1_0.fk_team left join (rider_program p1_0 join race p1_1 on p1_1.id=p1_0.race_id) on r1_0.id=p1_0.rider_id left join rider w1_0 on w1_0.id=p1_1.winner_id left join team t2_0 on t2_0.id=w1_0.fk_team where r1_0.id=?
Hibernate: select r1_0.id,r1_0.count_of_viewers,r1_0.country_code,r1_0.date,r1_0.location,r1_0.name,r1_0.race_creator,w1_0.id,w1_0.birth_day,w1_0.country_code,w1_0.first_name,w1_0.gear_description,w1_0.last_name,w1_0.fk_team,t1_0.id,t1_0.head_sponsor,t1_0.name,w1_0.wins,p1_0.rider_id,p1_1.id,p1_1.count_of_viewers,p1_1.country_code,p1_1.date,p1_1.location,p1_1.name,p1_1.race_creator from race r1_0 left join rider w1_0 on w1_0.id=r1_0.winner_id left join team t1_0 on t1_0.id=w1_0.fk_team left join (rider_program p1_0 join race p1_1 on p1_1.id=p1_0.race_id) on w1_0.id=p1_0.rider_id where r1_0.id=?
Hibernate: insert into calendar (end_year,start_year,id) values (?,?,?)
Hibernate: insert into team (head_sponsor,name,id) values (?,?,?)
Hibernate: insert into rider (birth_day,country_code,first_name,gear_description,last_name,fk_team,wins,id) values (?,?,?,?,?,?,?,?)
Hibernate: insert into race (count_of_viewers,country_code,date,location,name,race_creator,winner_id,id) values (?,?,?,?,?,?,?,default)
Hibernate: update rider set birth_day=?,country_code=?,first_name=?,gear_description=?,last_name=?,fk_team=?,wins=? where id=?
Hibernate: update race set count_of_viewers=?,country_code=?,date=?,location=?,name=?,race_creator=?,winner_id=? where id=?
Hibernate: insert into rider_program (rider_id,race_id) values (?,?)
Hibernate: update race set calendar_id=? where id=?
Hibernate: insert into riders_in_race (race_id,rider_id) values (?,?)
Hibernate: select r1_0.id,r1_0.birth_day,r1_0.country_code,r1_0.first_name,r1_0.gear_description,r1_0.last_name,r1_0.fk_team,r1_0.wins from rider r1_0 where r1_0.first_name=? and r1_0.last_name=?
Hibernate: select t1_0.id,t1_0.head_sponsor,t1_0.name,m1_0.fk_team,m1_0.id,m1_0.birth_day,m1_0.country_code,m1_0.first_name,m1_0.gear_description,m1_0.last_name,m1_0.wins from team t1_0 left join rider m1_0 on t1_0.id=m1_0.fk_team where t1_0.id=?
Hibernate: select r1_0.id,r1_0.birth_day,r1_0.country_code,r1_0.first_name,r1_0.gear_description,r1_0.last_name,r1_0.fk_team,t1_0.id,t1_0.head_sponsor,t1_0.name,r1_0.wins,p1_0.rider_id,p1_1.id,p1_1.count_of_viewers,p1_1.country_code,p1_1.date,p1_1.location,p1_1.name,p1_1.race_creator,w1_0.id,w1_0.birth_day,w1_0.country_code,w1_0.first_name,w1_0.gear_description,w1_0.last_name,w1_0.fk_team,t2_0.id,t2_0.head_sponsor,t2_0.name,w1_0.wins from rider r1_0 join team t1_0 on t1_0.id=r1_0.fk_team left join (rider_program p1_0 join race p1_1 on p1_1.id=p1_0.race_id) on r1_0.id=p1_0.rider_id left join rider w1_0 on w1_0.id=p1_1.winner_id left join team t2_0 on t2_0.id=w1_0.fk_team where r1_0.id=?
Hibernate: select r1_0.id,r1_0.count_of_viewers,r1_0.country_code,r1_0.date,r1_0.location,r1_0.name,r1_0.race_creator,w1_0.id,w1_0.birth_day,w1_0.country_code,w1_0.first_name,w1_0.gear_description,w1_0.last_name,w1_0.fk_team,t1_0.id,t1_0.head_sponsor,t1_0.name,w1_0.wins,p1_0.rider_id,p1_1.id,p1_1.count_of_viewers,p1_1.country_code,p1_1.date,p1_1.location,p1_1.name,p1_1.race_creator from race r1_0 left join rider w1_0 on w1_0.id=r1_0.winner_id left join team t1_0 on t1_0.id=w1_0.fk_team left join (rider_program p1_0 join race p1_1 on p1_1.id=p1_0.race_id) on w1_0.id=p1_0.rider_id where r1_0.id=?
Hibernate: insert into calendar (end_year,start_year,id) values (?,?,?)
Hibernate: insert into team (head_sponsor,name,id) values (?,?,?)
Hibernate: insert into rider (birth_day,country_code,first_name,gear_description,last_name,fk_team,wins,id) values (?,?,?,?,?,?,?,?)
Hibernate: insert into race (count_of_viewers,country_code,date,location,name,race_creator,winner_id,id) values (?,?,?,?,?,?,?,default)
Hibernate: update rider set birth_day=?,country_code=?,first_name=?,gear_description=?,last_name=?,fk_team=?,wins=? where id=?
Hibernate: update race set count_of_viewers=?,country_code=?,date=?,location=?,name=?,race_creator=?,winner_id=? where id=?
Hibernate: insert into rider_program (rider_id,race_id) values (?,?)
Hibernate: update race set calendar_id=? where id=?
Hibernate: insert into riders_in_race (race_id,rider_id) values (?,?)
Hibernate: select r1_0.id,r1_0.birth_day,r1_0.country_code,r1_0.first_name,r1_0.gear_description,r1_0.last_name,r1_0.fk_team,r1_0.wins from rider r1_0 where r1_0.first_name=? and r1_0.last_name=?
Hibernate: select t1_0.id,t1_0.head_sponsor,t1_0.name,m1_0.fk_team,m1_0.id,m1_0.birth_day,m1_0.country_code,m1_0.first_name,m1_0.gear_description,m1_0.last_name,m1_0.wins from team t1_0 left join rider m1_0 on t1_0.id=m1_0.fk_team where t1_0.id=?
Hibernate: select r1_0.id,r1_0.birth_day,r1_0.country_code,r1_0.first_name,r1_0.gear_description,r1_0.last_name,r1_0.fk_team,t1_0.id,t1_0.head_sponsor,t1_0.name,r1_0.wins,p1_0.rider_id,p1_1.id,p1_1.count_of_viewers,p1_1.country_code,p1_1.date,p1_1.location,p1_1.name,p1_1.race_creator,w1_0.id,w1_0.birth_day,w1_0.country_code,w1_0.first_name,w1_0.gear_description,w1_0.last_name,w1_0.fk_team,t2_0.id,t2_0.head_sponsor,t2_0.name,w1_0.wins from rider r1_0 join team t1_0 on t1_0.id=r1_0.fk_team left join (rider_program p1_0 join race p1_1 on p1_1.id=p1_0.race_id) on r1_0.id=p1_0.rider_id left join rider w1_0 on w1_0.id=p1_1.winner_id left join team t2_0 on t2_0.id=w1_0.fk_team where r1_0.id=?
Hibernate: select r1_0.id,r1_0.count_of_viewers,r1_0.country_code,r1_0.date,r1_0.location,r1_0.name,r1_0.race_creator,w1_0.id,w1_0.birth_day,w1_0.country_code,w1_0.first_name,w1_0.gear_description,w1_0.last_name,w1_0.fk_team,t1_0.id,t1_0.head_sponsor,t1_0.name,w1_0.wins,p1_0.rider_id,p1_1.id,p1_1.count_of_viewers,p1_1.country_code,p1_1.date,p1_1.location,p1_1.name,p1_1.race_creator from race r1_0 left join rider w1_0 on w1_0.id=r1_0.winner_id left join team t1_0 on t1_0.id=w1_0.fk_team left join (rider_program p1_0 join race p1_1 on p1_1.id=p1_0.race_id) on w1_0.id=p1_0.rider_id where r1_0.id=?
Hibernate: insert into calendar (end_year,start_year,id) values (?,?,?)
Hibernate: insert into team (head_sponsor,name,id) values (?,?,?)
Hibernate: insert into rider (birth_day,country_code,first_name,gear_description,last_name,fk_team,wins,id) values (?,?,?,?,?,?,?,?)
Hibernate: insert into race (count_of_viewers,country_code,date,location,name,race_creator,winner_id,id) values (?,?,?,?,?,?,?,default)
Hibernate: update rider set birth_day=?,country_code=?,first_name=?,gear_description=?,last_name=?,fk_team=?,wins=? where id=?
Hibernate: update race set count_of_viewers=?,country_code=?,date=?,location=?,name=?,race_creator=?,winner_id=? where id=?
Hibernate: insert into rider_program (rider_id,race_id) values (?,?)
Hibernate: update race set calendar_id=? where id=?
Hibernate: insert into riders_in_race (race_id,rider_id) values (?,?)
Hibernate: select r1_0.id,r1_0.birth_day,r1_0.country_code,r1_0.first_name,r1_0.gear_description,r1_0.last_name,r1_0.fk_team,r1_0.wins from rider r1_0 where r1_0.first_name=? and r1_0.last_name=?
Hibernate: select t1_0.id,t1_0.head_sponsor,t1_0.name,m1_0.fk_team,m1_0.id,m1_0.birth_day,m1_0.country_code,m1_0.first_name,m1_0.gear_description,m1_0.last_name,m1_0.wins from team t1_0 left join rider m1_0 on t1_0.id=m1_0.fk_team where t1_0.id=?
Hibernate: select r1_0.id,r1_0.birth_day,r1_0.country_code,r1_0.first_name,r1_0.gear_description,r1_0.last_name,r1_0.fk_team,t1_0.id,t1_0.head_sponsor,t1_0.name,r1_0.wins,p1_0.rider_id,p1_1.id,p1_1.count_of_viewers,p1_1.country_code,p1_1.date,p1_1.location,p1_1.name,p1_1.race_creator,w1_0.id,w1_0.birth_day,w1_0.country_code,w1_0.first_name,w1_0.gear_description,w1_0.last_name,w1_0.fk_team,t2_0.id,t2_0.head_sponsor,t2_0.name,w1_0.wins from rider r1_0 join team t1_0 on t1_0.id=r1_0.fk_team left join (rider_program p1_0 join race p1_1 on p1_1.id=p1_0.race_id) on r1_0.id=p1_0.rider_id left join rider w1_0 on w1_0.id=p1_1.winner_id left join team t2_0 on t2_0.id=w1_0.fk_team where r1_0.id=?
Hibernate: select r1_0.id,r1_0.count_of_viewers,r1_0.country_code,r1_0.date,r1_0.location,r1_0.name,r1_0.race_creator,w1_0.id,w1_0.birth_day,w1_0.country_code,w1_0.first_name,w1_0.gear_description,w1_0.last_name,w1_0.fk_team,t1_0.id,t1_0.head_sponsor,t1_0.name,w1_0.wins,p1_0.rider_id,p1_1.id,p1_1.count_of_viewers,p1_1.country_code,p1_1.date,p1_1.location,p1_1.name,p1_1.race_creator from race r1_0 left join rider w1_0 on w1_0.id=r1_0.winner_id left join team t1_0 on t1_0.id=w1_0.fk_team left join (rider_program p1_0 join race p1_1 on p1_1.id=p1_0.race_id) on w1_0.id=p1_0.rider_id where r1_0.id=?
Hibernate: insert into calendar (end_year,start_year,id) values (?,?,?)
Hibernate: insert into team (head_sponsor,name,id) values (?,?,?)
Hibernate: insert into rider (birth_day,country_code,first_name,gear_description,last_name,fk_team,wins,id) values (?,?,?,?,?,?,?,?)
Hibernate: insert into race (count_of_viewers,country_code,date,location,name,race_creator,winner_id,id) values (?,?,?,?,?,?,?,default)
Hibernate: update rider set birth_day=?,country_code=?,first_name=?,gear_description=?,last_name=?,fk_team=?,wins=? where id=?
Hibernate: update race set count_of_viewers=?,country_code=?,date=?,location=?,name=?,race_creator=?,winner_id=? where id=?
Hibernate: insert into rider_program (rider_id,race_id) values (?,?)
Hibernate: update race set calendar_id=? where id=?
Hibernate: insert into riders_in_race (race_id,rider_id) values (?,?)
Hibernate: select r1_0.id,r1_0.birth_day,r1_0.country_code,r1_0.first_name,r1_0.gear_description,r1_0.last_name,r1_0.fk_team,r1_0.wins from rider r1_0 where r1_0.first_name=? and r1_0.last_name=?
Hibernate: select t1_0.id,t1_0.head_sponsor,t1_0.name,m1_0.fk_team,m1_0.id,m1_0.birth_day,m1_0.country_code,m1_0.first_name,m1_0.gear_description,m1_0.last_name,m1_0.wins from team t1_0 left join rider m1_0 on t1_0.id=m1_0.fk_team where t1_0.id=?
Hibernate: select r1_0.id,r1_0.birth_day,r1_0.country_code,r1_0.first_name,r1_0.gear_description,r1_0.last_name,r1_0.fk_team,t1_0.id,t1_0.head_sponsor,t1_0.name,r1_0.wins,p1_0.rider_id,p1_1.id,p1_1.count_of_viewers,p1_1.country_code,p1_1.date,p1_1.location,p1_1.name,p1_1.race_creator,w1_0.id,w1_0.birth_day,w1_0.country_code,w1_0.first_name,w1_0.gear_description,w1_0.last_name,w1_0.fk_team,t2_0.id,t2_0.head_sponsor,t2_0.name,w1_0.wins from rider r1_0 join team t1_0 on t1_0.id=r1_0.fk_team left join (rider_program p1_0 join race p1_1 on p1_1.id=p1_0.race_id) on r1_0.id=p1_0.rider_id left join rider w1_0 on w1_0.id=p1_1.winner_id left join team t2_0 on t2_0.id=w1_0.fk_team where r1_0.id=?
Hibernate: select r1_0.id,r1_0.count_of_viewers,r1_0.country_code,r1_0.date,r1_0.location,r1_0.name,r1_0.race_creator,w1_0.id,w1_0.birth_day,w1_0.country_code,w1_0.first_name,w1_0.gear_description,w1_0.last_name,w1_0.fk_team,t1_0.id,t1_0.head_sponsor,t1_0.name,w1_0.wins,p1_0.rider_id,p1_1.id,p1_1.count_of_viewers,p1_1.country_code,p1_1.date,p1_1.location,p1_1.name,p1_1.race_creator from race r1_0 left join rider w1_0 on w1_0.id=r1_0.winner_id left join team t1_0 on t1_0.id=w1_0.fk_team left join (rider_program p1_0 join race p1_1 on p1_1.id=p1_0.race_id) on w1_0.id=p1_0.rider_id where r1_0.id=?
Hibernate: insert into calendar (end_year,start_year,id) values (?,?,?)
Hibernate: insert into team (head_sponsor,name,id) values (?,?,?)
Hibernate: insert into rider (birth_day,country_code,first_name,gear_description,last_name,fk_team,wins,id) values (?,?,?,?,?,?,?,?)
Hibernate: insert into race (count_of_viewers,country_code,date,location,name,race_creator,winner_id,id) values (?,?,?,?,?,?,?,default)
Hibernate: update rider set birth_day=?,country_code=?,first_name=?,gear_description=?,last_name=?,fk_team=?,wins=? where id=?
Hibernate: update race set count_of_viewers=?,country_code=?,date=?,location=?,name=?,race_creator=?,winner_id=? where id=?
Hibernate: insert into rider_program (rider_id,race_id) values (?,?)
Hibernate: update race set calendar_id=? where id=?
Hibernate: insert into riders_in_race (race_id,rider_id) values (?,?)
Hibernate: select r1_0.id,r1_0.birth_day,r1_0.country_code,r1_0.first_name,r1_0.gear_description,r1_0.last_name,r1_0.fk_team,r1_0.wins from rider r1_0 where r1_0.first_name=? and r1_0.last_name=?
Hibernate: select t1_0.id,t1_0.head_sponsor,t1_0.name,m1_0.fk_team,m1_0.id,m1_0.birth_day,m1_0.country_code,m1_0.first_name,m1_0.gear_description,m1_0.last_name,m1_0.wins from team t1_0 left join rider m1_0 on t1_0.id=m1_0.fk_team where t1_0.id=?
Hibernate: select r1_0.id,r1_0.birth_day,r1_0.country_code,r1_0.first_name,r1_0.gear_description,r1_0.last_name,r1_0.fk_team,t1_0.id,t1_0.head_sponsor,t1_0.name,r1_0.wins,p1_0.rider_id,p1_1.id,p1_1.count_of_viewers,p1_1.country_code,p1_1.date,p1_1.location,p1_1.name,p1_1.race_creator,w1_0.id,w1_0.birth_day,w1_0.country_code,w1_0.first_name,w1_0.gear_description,w1_0.last_name,w1_0.fk_team,t2_0.id,t2_0.head_sponsor,t2_0.name,w1_0.wins from rider r1_0 join team t1_0 on t1_0.id=r1_0.fk_team left join (rider_program p1_0 join race p1_1 on p1_1.id=p1_0.race_id) on r1_0.id=p1_0.rider_id left join rider w1_0 on w1_0.id=p1_1.winner_id left join team t2_0 on t2_0.id=w1_0.fk_team where r1_0.id=?
Hibernate: select r1_0.id,r1_0.count_of_viewers,r1_0.country_code,r1_0.date,r1_0.location,r1_0.name,r1_0.race_creator,w1_0.id,w1_0.birth_day,w1_0.country_code,w1_0.first_name,w1_0.gear_description,w1_0.last_name,w1_0.fk_team,t1_0.id,t1_0.head_sponsor,t1_0.name,w1_0.wins,p1_0.rider_id,p1_1.id,p1_1.count_of_viewers,p1_1.country_code,p1_1.date,p1_1.location,p1_1.name,p1_1.race_creator from race r1_0 left join rider w1_0 on w1_0.id=r1_0.winner_id left join team t1_0 on t1_0.id=w1_0.fk_team left join (rider_program p1_0 join race p1_1 on p1_1.id=p1_0.race_id) on w1_0.id=p1_0.rider_id where r1_0.id=?
Hibernate: insert into calendar (end_year,start_year,id) values (?,?,?)
Hibernate: insert into team (head_sponsor,name,id) values (?,?,?)
Hibernate: insert into rider (birth_day,country_code,first_name,gear_description,last_name,fk_team,wins,id) values (?,?,?,?,?,?,?,?)
Hibernate: insert into race (count_of_viewers,country_code,date,location,name,race_creator,winner_id,id) values (?,?,?,?,?,?,?,default)
Hibernate: update rider set birth_day=?,country_code=?,first_name=?,gear_description=?,last_name=?,fk_team=?,wins=? where id=?
Hibernate: update race set count_of_viewers=?,country_code=?,date=?,location=?,name=?,race_creator=?,winner_id=? where id=?
Hibernate: insert into rider_program (rider_id,race_id) values (?,?)
Hibernate: update race set calendar_id=? where id=?
Hibernate: insert into riders_in_race (race_id,rider_id) values (?,?)
Hibernate: select r1_0.id,r1_0.birth_day,r1_0.country_code,r1_0.first_name,r1_0.gear_description,r1_0.last_name,r1_0.fk_team,r1_0.wins from rider r1_0 where r1_0.first_name=? and r1_0.last_name=?
Hibernate: select t1_0.id,t1_0.head_sponsor,t1_0.name,m1_0.fk_team,m1_0.id,m1_0.birth_day,m1_0.country_code,m1_0.first_name,m1_0.gear_description,m1_0.last_name,m1_0.wins from team t1_0 left join rider m1_0 on t1_0.id=m1_0.fk_team where t1_0.id=?
Hibernate: select r1_0.id,r1_0.birth_day,r1_0.country_code,r1_0.first_name,r1_0.gear_description,r1_0.last_name,r1_0.fk_team,t1_0.id,t1_0.head_sponsor,t1_0.name,r1_0.wins,p1_0.rider_id,p1_1.id,p1_1.count_of_viewers,p1_1.country_code,p1_1.date,p1_1.location,p1_1.name,p1_1.race_creator,w1_0.id,w1_0.birth_day,w1_0.country_code,w1_0.first_name,w1_0.gear_description,w1_0.last_name,w1_0.fk_team,t2_0.id,t2_0.head_sponsor,t2_0.name,w1_0.wins from rider r1_0 join team t1_0 on t1_0.id=r1_0.fk_team left join (rider_program p1_0 join race p1_1 on p1_1.id=p1_0.race_id) on r1_0.id=p1_0.rider_id left join rider w1_0 on w1_0.id=p1_1.winner_id left join team t2_0 on t2_0.id=w1_0.fk_team where r1_0.id=?
Hibernate: select r1_0.id,r1_0.count_of_viewers,r1_0.country_code,r1_0.date,r1_0.location,r1_0.name,r1_0.race_creator,w1_0.id,w1_0.birth_day,w1_0.country_code,w1_0.first_name,w1_0.gear_description,w1_0.last_name,w1_0.fk_team,t1_0.id,t1_0.head_sponsor,t1_0.name,w1_0.wins,p1_0.rider_id,p1_1.id,p1_1.count_of_viewers,p1_1.country_code,p1_1.date,p1_1.location,p1_1.name,p1_1.race_creator from race r1_0 left join rider w1_0 on w1_0.id=r1_0.winner_id left join team t1_0 on t1_0.id=w1_0.fk_team left join (rider_program p1_0 join race p1_1 on p1_1.id=p1_0.race_id) on w1_0.id=p1_0.rider_id where r1_0.id=?
Hibernate: insert into calendar (end_year,start_year,id) values (?,?,?)
Hibernate: insert into team (head_sponsor,name,id) values (?,?,?)
Hibernate: insert into rider (birth_day,country_code,first_name,gear_description,last_name,fk_team,wins,id) values (?,?,?,?,?,?,?,?)
Hibernate: insert into race (count_of_viewers,country_code,date,location,name,race_creator,winner_id,id) values (?,?,?,?,?,?,?,default)
Hibernate: update rider set birth_day=?,country_code=?,first_name=?,gear_description=?,last_name=?,fk_team=?,wins=? where id=?
Hibernate: update race set count_of_viewers=?,country_code=?,date=?,location=?,name=?,race_creator=?,winner_id=? where id=?
Hibernate: insert into rider_program (rider_id,race_id) values (?,?)
Hibernate: update race set calendar_id=? where id=?
Hibernate: insert into riders_in_race (race_id,rider_id) values (?,?)
Hibernate: select r1_0.id,r1_0.birth_day,r1_0.country_code,r1_0.first_name,r1_0.gear_description,r1_0.last_name,r1_0.fk_team,r1_0.wins from rider r1_0 where r1_0.first_name=? and r1_0.last_name=?
Hibernate: select t1_0.id,t1_0.head_sponsor,t1_0.name,m1_0.fk_team,m1_0.id,m1_0.birth_day,m1_0.country_code,m1_0.first_name,m1_0.gear_description,m1_0.last_name,m1_0.wins from team t1_0 left join rider m1_0 on t1_0.id=m1_0.fk_team where t1_0.id=?
Hibernate: select r1_0.id,r1_0.birth_day,r1_0.country_code,r1_0.first_name,r1_0.gear_description,r1_0.last_name,r1_0.fk_team,t1_0.id,t1_0.head_sponsor,t1_0.name,r1_0.wins,p1_0.rider_id,p1_1.id,p1_1.count_of_viewers,p1_1.country_code,p1_1.date,p1_1.location,p1_1.name,p1_1.race_creator,w1_0.id,w1_0.birth_day,w1_0.country_code,w1_0.first_name,w1_0.gear_description,w1_0.last_name,w1_0.fk_team,t2_0.id,t2_0.head_sponsor,t2_0.name,w1_0.wins from rider r1_0 join team t1_0 on t1_0.id=r1_0.fk_team left join (rider_program p1_0 join race p1_1 on p1_1.id=p1_0.race_id) on r1_0.id=p1_0.rider_id left join rider w1_0 on w1_0.id=p1_1.winner_id left join team t2_0 on t2_0.id=w1_0.fk_team where r1_0.id=?
Hibernate: select r1_0.id,r1_0.count_of_viewers,r1_0.country_code,r1_0.date,r1_0.location,r1_0.name,r1_0.race_creator,w1_0.id,w1_0.birth_day,w1_0.country_code,w1_0.first_name,w1_0.gear_description,w1_0.last_name,w1_0.fk_team,t1_0.id,t1_0.head_sponsor,t1_0.name,w1_0.wins,p1_0.rider_id,p1_1.id,p1_1.count_of_viewers,p1_1.country_code,p1_1.date,p1_1.location,p1_1.name,p1_1.race_creator from race r1_0 left join rider w1_0 on w1_0.id=r1_0.winner_id left join team t1_0 on t1_0.id=w1_0.fk_team left join (rider_program p1_0 join race p1_1 on p1_1.id=p1_0.race_id) on w1_0.id=p1_0.rider_id where r1_0.id=?
Hibernate: insert into calendar (end_year,start_year,id) values (?,?,?)
Hibernate: insert into team (head_sponsor,name,id) values (?,?,?)
Hibernate: insert into rider (birth_day,country_code,first_name,gear_description,last_name,fk_team,wins,id) values (?,?,?,?,?,?,?,?)
Hibernate: insert into race (count_of_viewers,country_code,date,location,name,race_creator,winner_id,id) values (?,?,?,?,?,?,?,default)
Hibernate: update rider set birth_day=?,country_code=?,first_name=?,gear_description=?,last_name=?,fk_team=?,wins=? where id=?
Hibernate: update race set count_of_viewers=?,country_code=?,date=?,location=?,name=?,race_creator=?,winner_id=? where id=?
Hibernate: insert into rider_program (rider_id,race_id) values (?,?)
Hibernate: update race set calendar_id=? where id=?
Hibernate: insert into riders_in_race (race_id,rider_id) values (?,?)
Hibernate: select r1_0.id,r1_0.birth_day,r1_0.country_code,r1_0.first_name,r1_0.gear_description,r1_0.last_name,r1_0.fk_team,r1_0.wins from rider r1_0 where r1_0.first_name=? and r1_0.last_name=?
Hibernate: select t1_0.id,t1_0.head_sponsor,t1_0.name,m1_0.fk_team,m1_0.id,m1_0.birth_day,m1_0.country_code,m1_0.first_name,m1_0.gear_description,m1_0.last_name,m1_0.wins from team t1_0 left join rider m1_0 on t1_0.id=m1_0.fk_team where t1_0.id=?
Hibernate: select r1_0.id,r1_0.birth_day,r1_0.country_code,r1_0.first_name,r1_0.gear_description,r1_0.last_name,r1_0.fk_team,t1_0.id,t1_0.head_sponsor,t1_0.name,r1_0.wins,p1_0.rider_id,p1_1.id,p1_1.count_of_viewers,p1_1.country_code,p1_1.date,p1_1.location,p1_1.name,p1_1.race_creator,w1_0.id,w1_0.birth_day,w1_0.country_code,w1_0.first_name,w1_0.gear_description,w1_0.last_name,w1_0.fk_team,t2_0.id,t2_0.head_sponsor,t2_0.name,w1_0.wins from rider r1_0 join team t1_0 on t1_0.id=r1_0.fk_team left join (rider_program p1_0 join race p1_1 on p1_1.id=p1_0.race_id) on r1_0.id=p1_0.rider_id left join rider w1_0 on w1_0.id=p1_1.winner_id left join team t2_0 on t2_0.id=w1_0.fk_team where r1_0.id=?
Hibernate: select r1_0.id,r1_0.count_of_viewers,r1_0.country_code,r1_0.date,r1_0.location,r1_0.name,r1_0.race_creator,w1_0.id,w1_0.birth_day,w1_0.country_code,w1_0.first_name,w1_0.gear_description,w1_0.last_name,w1_0.fk_team,t1_0.id,t1_0.head_sponsor,t1_0.name,w1_0.wins,p1_0.rider_id,p1_1.id,p1_1.count_of_viewers,p1_1.country_code,p1_1.date,p1_1.location,p1_1.name,p1_1.race_creator from race r1_0 left join rider w1_0 on w1_0.id=r1_0.winner_id left join team t1_0 on t1_0.id=w1_0.fk_team left join (rider_program p1_0 join race p1_1 on p1_1.id=p1_0.race_id) on w1_0.id=p1_0.rider_id where r1_0.id=?
Hibernate: insert into calendar (end_year,start_year,id) values (?,?,?)
Hibernate: insert into team (head_sponsor,name,id) values (?,?,?)
Hibernate: insert into rider (birth_day,country_code,first_name,gear_description,last_name,fk_team,wins,id) values (?,?,?,?,?,?,?,?)
Hibernate: insert into race (count_of_viewers,country_code,date,location,name,race_creator,winner_id,id) values (?,?,?,?,?,?,?,default)
Hibernate: update rider set birth_day=?,country_code=?,first_name=?,gear_description=?,last_name=?,fk_team=?,wins=? where id=?
Hibernate: update race set count_of_viewers=?,country_code=?,date=?,location=?,name=?,race_creator=?,winner_id=? where id=?
Hibernate: insert into rider_program (rider_id,race_id) values (?,?)
Hibernate: update race set calendar_id=? where id=?
Hibernate: insert into riders_in_race (race_id,rider_id) values (?,?)
Hibernate: select r1_0.id,r1_0.birth_day,r1_0.country_code,r1_0.first_name,r1_0.gear_description,r1_0.last_name,r1_0.fk_team,r1_0.wins from rider r1_0 where r1_0.first_name=? and r1_0.last_name=?
Hibernate: select t1_0.id,t1_0.head_sponsor,t1_0.name,m1_0.fk_team,m1_0.id,m1_0.birth_day,m1_0.country_code,m1_0.first_name,m1_0.gear_description,m1_0.last_name,m1_0.wins from team t1_0 left join rider m1_0 on t1_0.id=m1_0.fk_team where t1_0.id=?
Hibernate: select r1_0.id,r1_0.birth_day,r1_0.country_code,r1_0.first_name,r1_0.gear_description,r1_0.last_name,r1_0.fk_team,t1_0.id,t1_0.head_sponsor,t1_0.name,r1_0.wins,p1_0.rider_id,p1_1.id,p1_1.count_of_viewers,p1_1.country_code,p1_1.date,p1_1.location,p1_1.name,p1_1.race_creator,w1_0.id,w1_0.birth_day,w1_0.country_code,w1_0.first_name,w1_0.gear_description,w1_0.last_name,w1_0.fk_team,t2_0.id,t2_0.head_sponsor,t2_0.name,w1_0.wins from rider r1_0 join team t1_0 on t1_0.id=r1_0.fk_team left join (rider_program p1_0 join race p1_1 on p1_1.id=p1_0.race_id) on r1_0.id=p1_0.rider_id left join rider w1_0 on w1_0.id=p1_1.winner_id left join team t2_0 on t2_0.id=w1_0.fk_team where r1_0.id=?
Hibernate: select r1_0.id,r1_0.count_of_viewers,r1_0.country_code,r1_0.date,r1_0.location,r1_0.name,r1_0.race_creator,w1_0.id,w1_0.birth_day,w1_0.country_code,w1_0.first_name,w1_0.gear_description,w1_0.last_name,w1_0.fk_team,t1_0.id,t1_0.head_sponsor,t1_0.name,w1_0.wins,p1_0.rider_id,p1_1.id,p1_1.count_of_viewers,p1_1.country_code,p1_1.date,p1_1.location,p1_1.name,p1_1.race_creator from race r1_0 left join rider w1_0 on w1_0.id=r1_0.winner_id left join team t1_0 on t1_0.id=w1_0.fk_team left join (rider_program p1_0 join race p1_1 on p1_1.id=p1_0.race_id) on w1_0.id=p1_0.rider_id where r1_0.id=?
Hibernate: insert into calendar (end_year,start_year,id) values (?,?,?)
Hibernate: insert into team (head_sponsor,name,id) values (?,?,?)
Hibernate: insert into rider (birth_day,country_code,first_name,gear_description,last_name,fk_team,wins,id) values (?,?,?,?,?,?,?,?)
Hibernate: insert into race (count_of_viewers,country_code,date,location,name,race_creator,winner_id,id) values (?,?,?,?,?,?,?,default)
Hibernate: update rider set birth_day=?,country_code=?,first_name=?,gear_description=?,last_name=?,fk_team=?,wins=? where id=?
Hibernate: update race set count_of_viewers=?,country_code=?,date=?,location=?,name=?,race_creator=?,winner_id=? where id=?
Hibernate: insert into rider_program (rider_id,race_id) values (?,?)
Hibernate: update race set calendar_id=? where id=?
Hibernate: insert into riders_in_race (race_id,rider_id) values (?,?)
Hibernate: select r1_0.id,r1_0.birth_day,r1_0.country_code,r1_0.first_name,r1_0.gear_description,r1_0.last_name,r1_0.fk_team,r1_0.wins from rider r1_0 where r1_0.first_name=? and r1_0.last_name=?
Hibernate: select t1_0.id,t1_0.head_sponsor,t1_0.name,m1_0.fk_team,m1_0.id,m1_0.birth_day,m1_0.country_code,m1_0.first_name,m1_0.gear_description,m1_0.last_name,m1_0.wins from team t1_0 left join rider m1_0 on t1_0.id=m1_0.fk_team where t1_0.id=?
Hibernate: select r1_0.id,r1_0.birth_day,r1_0.country_code,r1_0.first_name,r1_0.gear_description,r1_0.last_name,r1_0.fk_team,t1_0.id,t1_0.head_sponsor,t1_0.name,r1_0.wins,p1_0.rider_id,p1_1.id,p1_1.count_of_viewers,p1_1.country_code,p1_1.date,p1_1.location,p1_1.name,p1_1.race_creator,w1_0.id,w1_0.birth_day,w1_0.country_code,w1_0.first_name,w1_0.gear_description,w1_0.last_name,w1_0.fk_team,t2_0.id,t2_0.head_sponsor,t2_0.name,w1_0.wins from rider r1_0 join team t1_0 on t1_0.id=r1_0.fk_team left join (rider_program p1_0 join race p1_1 on p1_1.id=p1_0.race_id) on r1_0.id=p1_0.rider_id left join rider w1_0 on w1_0.id=p1_1.winner_id left join team t2_0 on t2_0.id=w1_0.fk_team where r1_0.id=?
Hibernate: select r1_0.id,r1_0.count_of_viewers,r1_0.country_code,r1_0.date,r1_0.location,r1_0.name,r1_0.race_creator,w1_0.id,w1_0.birth_day,w1_0.country_code,w1_0.first_name,w1_0.gear_description,w1_0.last_name,w1_0.fk_team,t1_0.id,t1_0.head_sponsor,t1_0.name,w1_0.wins,p1_0.rider_id,p1_1.id,p1_1.count_of_viewers,p1_1.country_code,p1_1.date,p1_1.location,p1_1.name,p1_1.race_creator from race r1_0 left join rider w1_0 on w1_0.id=r1_0.winner_id left join team t1_0 on t1_0.id=w1_0.fk_team left join (rider_program p1_0 join race p1_1 on p1_1.id=p1_0.race_id) on w1_0.id=p1_0.rider_id where r1_0.id=?
Hibernate: insert into calendar (end_year,start_year,id) values (?,?,?)
Hibernate: insert into team (head_sponsor,name,id) values (?,?,?)
Hibernate: insert into rider (birth_day,country_code,first_name,gear_description,last_name,fk_team,wins,id) values (?,?,?,?,?,?,?,?)
Hibernate: insert into race (count_of_viewers,country_code,date,location,name,race_creator,winner_id,id) values (?,?,?,?,?,?,?,default)
Hibernate: update rider set birth_day=?,country_code=?,first_name=?,gear_description=?,last_name=?,fk_team=?,wins=? where id=?
Hibernate: update race set count_of_viewers=?,country_code=?,date=?,location=?,name=?,race_creator=?,winner_id=? where id=?
Hibernate: insert into rider_program (rider_id,race_id) values (?,?)
Hibernate: update race set calendar_id=? where id=?
Hibernate: insert into riders_in_race (race_id,rider_id) values (?,?)
Hibernate: select r1_0.id,r1_0.birth_day,r1_0.country_code,r1_0.first_name,r1_0.gear_description,r1_0.last_name,r1_0.fk_team,r1_0.wins from rider r1_0 where r1_0.first_name=? and r1_0.last_name=?
Hibernate: select t1_0.id,t1_0.head_sponsor,t1_0.name,m1_0.fk_team,m1_0.id,m1_0.birth_day,m1_0.country_code,m1_0.first_name,m1_0.gear_description,m1_0.last_name,m1_0.wins from team t1_0 left join rider m1_0 on t1_0.id=m1_0.fk_team where t1_0.id=?
Hibernate: select r1_0.id,r1_0.birth_day,r1_0.country_code,r1_0.first_name,r1_0.gear_description,r1_0.last_name,r1_0.fk_team,t1_0.id,t1_0.head_sponsor,t1_0.name,r1_0.wins,p1_0.rider_id,p1_1.id,p1_1.count_of_viewers,p1_1.country_code,p1_1.date,p1_1.location,p1_1.name,p1_1.race_creator,w1_0.id,w1_0.birth_day,w1_0.country_code,w1_0.first_name,w1_0.gear_description,w1_0.last_name,w1_0.fk_team,t2_0.id,t2_0.head_sponsor,t2_0.name,w1_0.wins from rider r1_0 join team t1_0 on t1_0.id=r1_0.fk_team left join (rider_program p1_0 join race p1_1 on p1_1.id=p1_0.race_id) on r1_0.id=p1_0.rider_id left join rider w1_0 on w1_0.id=p1_1.winner_id left join team t2_0 on t2_0.id=w1_0.fk_team where r1_0.id=?
Hibernate: select r1_0.id,r1_0.count_of_viewers,r1_0.country_code,r1_0.date,r1_0.location,r1_0.name,r1_0.race_creator,w1_0.id,w1_0.birth_day,w1_0.country_code,w1_0.first_name,w1_0.gear_description,w1_0.last_name,w1_0.fk_team,t1_0.id,t1_0.head_sponsor,t1_0.name,w1_0.wins,p1_0.rider_id,p1_1.id,p1_1.count_of_viewers,p1_1.country_code,p1_1.date,p1_1.location,p1_1.name,p1_1.race_creator from race r1_0 left join rider w1_0 on w1_0.id=r1_0.winner_id left join team t1_0 on t1_0.id=w1_0.fk_team left join (rider_program p1_0 join race p1_1 on p1_1.id=p1_0.race_id) on w1_0.id=p1_0.rider_id where r1_0.id=?
Hibernate: insert into calendar (end_year,start_year,id) values (?,?,?)
Hibernate: insert into team (head_sponsor,name,id) values (?,?,?)
Hibernate: insert into rider (birth_day,country_code,first_name,gear_description,last_name,fk_team,wins,id) values (?,?,?,?,?,?,?,?)
Hibernate: insert into race (count_of_viewers,country_code,date,location,name,race_creator,winner_id,id) values (?,?,?,?,?,?,?,default)
Hibernate: update rider set birth_day=?,country_code=?,first_name=?,gear_description=?,last_name=?,fk_team=?,wins=? where id=?
Hibernate: update race set count_of_viewers=?,country_code=?,date=?,location=?,name=?,race_creator=?,winner_id=? where id=?
Hibernate: insert into rider_program (rider_id,race_id) values (?,?)
Hibernate: update race set calendar_id=? where id=?
Hibernate: insert into riders_in_race (race_id,rider_id) values (?,?)
Hibernate: select r1_0.id,r1_0.birth_day,r1_0.country_code,r1_0.first_name,r1_0.gear_description,r1_0.last_name,r1_0.fk_team,r1_0.wins from rider r1_0 where r1_0.first_name=? and r1_0.last_name=?
Hibernate: select t1_0.id,t1_0.head_sponsor,t1_0.name,m1_0.fk_team,m1_0.id,m1_0.birth_day,m1_0.country_code,m1_0.first_name,m1_0.gear_description,m1_0.last_name,m1_0.wins from team t1_0 left join rider m1_0 on t1_0.id=m1_0.fk_team where t1_0.id=?
Hibernate: select r1_0.id,r1_0.birth_day,r1_0.country_code,r1_0.first_name,r1_0.gear_description,r1_0.last_name,r1_0.fk_team,t1_0.id,t1_0.head_sponsor,t1_0.name,r1_0.wins,p1_0.rider_id,p1_1.id,p1_1.count_of_viewers,p1_1.country_code,p1_1.date,p1_1.location,p1_1.name,p1_1.race_creator,w1_0.id,w1_0.birth_day,w1_0.country_code,w1_0.first_name,w1_0.gear_description,w1_0.last_name,w1_0.fk_team,t2_0.id,t2_0.head_sponsor,t2_0.name,w1_0.wins from rider r1_0 join team t1_0 on t1_0.id=r1_0.fk_team left join (rider_program p1_0 join race p1_1 on p1_1.id=p1_0.race_id) on r1_0.id=p1_0.rider_id left join rider w1_0 on w1_0.id=p1_1.winner_id left join team t2_0 on t2_0.id=w1_0.fk_team where r1_0.id=?
Hibernate: select r1_0.id,r1_0.count_of_viewers,r1_0.country_code,r1_0.date,r1_0.location,r1_0.name,r1_0.race_creator,w1_0.id,w1_0.birth_day,w1_0.country_code,w1_0.first_name,w1_0.gear_description,w1_0.last_name,w1_0.fk_team,t1_0.id,t1_0.head_sponsor,t1_0.name,w1_0.wins,p1_0.rider_id,p1_1.id,p1_1.count_of_viewers,p1_1.country_code,p1_1.date,p1_1.location,p1_1.name,p1_1.race_creator from race r1_0 left join rider w1_0 on w1_0.id=r1_0.winner_id left join team t1_0 on t1_0.id=w1_0.fk_team left join (rider_program p1_0 join race p1_1 on p1_1.id=p1_0.race_id) on w1_0.id=p1_0.rider_id where r1_0.id=?
Hibernate: insert into calendar (end_year,start_year,id) values (?,?,?)
Hibernate: insert into team (head_sponsor,name,id) values (?,?,?)
Hibernate: insert into rider (birth_day,country_code,first_name,gear_description,last_name,fk_team,wins,id) values (?,?,?,?,?,?,?,?)
Hibernate: insert into race (count_of_viewers,country_code,date,location,name,race_creator,winner_id,id) values (?,?,?,?,?,?,?,default)
Hibernate: update rider set birth_day=?,country_code=?,first_name=?,gear_description=?,last_name=?,fk_team=?,wins=? where id=?
Hibernate: update race set count_of_viewers=?,country_code=?,date=?,location=?,name=?,race_creator=?,winner_id=? where id=?
Hibernate: insert into rider_program (rider_id,race_id) values (?,?)
Hibernate: update race set calendar_id=? where id=?
Hibernate: insert into riders_in_race (race_id,rider_id) values (?,?)
Hibernate: select r1_0.id,r1_0.birth_day,r1_0.country_code,r1_0.first_name,r1_0.gear_description,r1_0.last_name,r1_0.fk_team,r1_0.wins from rider r1_0 where r1_0.first_name=? and r1_0.last_name=?
Hibernate: select t1_0.id,t1_0.head_sponsor,t1_0.name,m1_0.fk_team,m1_0.id,m1_0.birth_day,m1_0.country_code,m1_0.first_name,m1_0.gear_description,m1_0.last_name,m1_0.wins from team t1_0 left join rider m1_0 on t1_0.id=m1_0.fk_team where t1_0.id=?
Hibernate: select r1_0.id,r1_0.birth_day,r1_0.country_code,r1_0.first_name,r1_0.gear_description,r1_0.last_name,r1_0.fk_team,t1_0.id,t1_0.head_sponsor,t1_0.name,r1_0.wins,p1_0.rider_id,p1_1.id,p1_1.count_of_viewers,p1_1.country_code,p1_1.date,p1_1.location,p1_1.name,p1_1.race_creator,w1_0.id,w1_0.birth_day,w1_0.country_code,w1_0.first_name,w1_0.gear_description,w1_0.last_name,w1_0.fk_team,t2_0.id,t2_0.head_sponsor,t2_0.name,w1_0.wins from rider r1_0 join team t1_0 on t1_0.id=r1_0.fk_team left join (rider_program p1_0 join race p1_1 on p1_1.id=p1_0.race_id) on r1_0.id=p1_0.rider_id left join rider w1_0 on w1_0.id=p1_1.winner_id left join team t2_0 on t2_0.id=w1_0.fk_team where r1_0.id=?
Hibernate: select r1_0.id,r1_0.count_of_viewers,r1_0.country_code,r1_0.date,r1_0.location,r1_0.name,r1_0.race_creator,w1_0.id,w1_0.birth_day,w1_0.country_code,w1_0.first_name,w1_0.gear_description,w1_0.last_name,w1_0.fk_team,t1_0.id,t1_0.head_sponsor,t1_0.name,w1_0.wins,p1_0.rider_id,p1_1.id,p1_1.count_of_viewers,p1_1.country_code,p1_1.date,p1_1.location,p1_1.name,p1_1.race_creator from race r1_0 left join rider w1_0 on w1_0.id=r1_0.winner_id left join team t1_0 on t1_0.id=w1_0.fk_team left join (rider_program p1_0 join race p1_1 on p1_1.id=p1_0.race_id) on w1_0.id=p1_0.rider_id where r1_0.id=?
Hibernate: insert into calendar (end_year,start_year,id) values (?,?,?)
Hibernate: insert into team (head_sponsor,name,id) values (?,?,?)
Hibernate: insert into rider (birth_day,country_code,first_name,gear_description,last_name,fk_team,wins,id) values (?,?,?,?,?,?,?,?)
Hibernate: insert into race (count_of_viewers,country_code,date,location,name,race_creator,winner_id,id) values (?,?,?,?,?,?,?,default)
Hibernate: update rider set birth_day=?,country_code=?,first_name=?,gear_description=?,last_name=?,fk_team=?,wins=? where id=?
Hibernate: update race set count_of_viewers=?,country_code=?,date=?,location=?,name=?,race_creator=?,winner_id=? where id=?
Hibernate: insert into rider_program (rider_id,race_id) values (?,?)
Hibernate: update race set calendar_id=? where id=?
Hibernate: insert into riders_in_race (race_id,rider_id) values (?,?)
Hibernate: select r1_0.id,r1_0.birth_day,r1_0.country_code,r1_0.first_name,r1_0.gear_description,r1_0.last_name,r1_0.fk_team,r1_0.wins from rider r1_0 where r1_0.first_name=? and r1_0.last_name=?
Hibernate: select t1_0.id,t1_0.head_sponsor,t1_0.name,m1_0.fk_team,m1_0.id,m1_0.birth_day,m1_0.country_code,m1_0.first_name,m1_0.gear_description,m1_0.last_name,m1_0.wins from team t1_0 left join rider m1_0 on t1_0.id=m1_0.fk_team where t1_0.id=?
Hibernate: select r1_0.id,r1_0.birth_day,r1_0.country_code,r1_0.first_name,r1_0.gear_description,r1_0.last_name,r1_0.fk_team,t1_0.id,t1_0.head_sponsor,t1_0.name,r1_0.wins,p1_0.rider_id,p1_1.id,p1_1.count_of_viewers,p1_1.country_code,p1_1.date,p1_1.location,p1_1.name,p1_1.race_creator,w1_0.id,w1_0.birth_day,w1_0.country_code,w1_0.first_name,w1_0.gear_description,w1_0.last_name,w1_0.fk_team,t2_0.id,t2_0.head_sponsor,t2_0.name,w1_0.wins from rider r1_0 join team t1_0 on t1_0.id=r1_0.fk_team left join (rider_program p1_0 join race p1_1 on p1_1.id=p1_0.race_id) on r1_0.id=p1_0.rider_id left join rider w1_0 on w1_0.id=p1_1.winner_id left join team t2_0 on t2_0.id=w1_0.fk_team where r1_0.id=?
Hibernate: select r1_0.id,r1_0.count_of_viewers,r1_0.country_code,r1_0.date,r1_0.location,r1_0.name,r1_0.race_creator,w1_0.id,w1_0.birth_day,w1_0.country_code,w1_0.first_name,w1_0.gear_description,w1_0.last_name,w1_0.fk_team,t1_0.id,t1_0.head_sponsor,t1_0.name,w1_0.wins,p1_0.rider_id,p1_1.id,p1_1.count_of_viewers,p1_1.country_code,p1_1.date,p1_1.location,p1_1.name,p1_1.race_creator from race r1_0 left join rider w1_0 on w1_0.id=r1_0.winner_id left join team t1_0 on t1_0.id=w1_0.fk_team left join (rider_program p1_0 join race p1_1 on p1_1.id=p1_0.race_id) on w1_0.id=p1_0.rider_id where r1_0.id=?
Hibernate: insert into calendar (end_year,start_year,id) values (?,?,?)
Hibernate: insert into team (head_sponsor,name,id) values (?,?,?)
Hibernate: insert into rider (birth_day,country_code,first_name,gear_description,last_name,fk_team,wins,id) values (?,?,?,?,?,?,?,?)
Hibernate: insert into race (count_of_viewers,country_code,date,location,name,race_creator,winner_id,id) values (?,?,?,?,?,?,?,default)
Hibernate: update rider set birth_day=?,country_code=?,first_name=?,gear_description=?,last_name=?,fk_team=?,wins=? where id=?
Hibernate: update race set count_of_viewers=?,country_code=?,date=?,location=?,name=?,race_creator=?,winner_id=? where id=?
Hibernate: insert into rider_program (rider_id,race_id) values (?,?)
Hibernate: update race set calendar_id=? where id=?
Hibernate: insert into riders_in_race (race_id,rider_id) values (?,?)
Hibernate: select r1_0.id,r1_0.birth_day,r1_0.country_code,r1_0.first_name,r1_0.gear_description,r1_0.last_name,r1_0.fk_team,r1_0.wins from rider r1_0 where r1_0.first_name=? and r1_0.last_name=?
Hibernate: select t1_0.id,t1_0.head_sponsor,t1_0.name,m1_0.fk_team,m1_0.id,m1_0.birth_day,m1_0.country_code,m1_0.first_name,m1_0.gear_description,m1_0.last_name,m1_0.wins from team t1_0 left join rider m1_0 on t1_0.id=m1_0.fk_team where t1_0.id=?
Hibernate: select r1_0.id,r1_0.birth_day,r1_0.country_code,r1_0.first_name,r1_0.gear_description,r1_0.last_name,r1_0.fk_team,t1_0.id,t1_0.head_sponsor,t1_0.name,r1_0.wins,p1_0.rider_id,p1_1.id,p1_1.count_of_viewers,p1_1.country_code,p1_1.date,p1_1.location,p1_1.name,p1_1.race_creator,w1_0.id,w1_0.birth_day,w1_0.country_code,w1_0.first_name,w1_0.gear_description,w1_0.last_name,w1_0.fk_team,t2_0.id,t2_0.head_sponsor,t2_0.name,w1_0.wins from rider r1_0 join team t1_0 on t1_0.id=r1_0.fk_team left join (rider_program p1_0 join race p1_1 on p1_1.id=p1_0.race_id) on r1_0.id=p1_0.rider_id left join rider w1_0 on w1_0.id=p1_1.winner_id left join team t2_0 on t2_0.id=w1_0.fk_team where r1_0.id=?
Hibernate: select r1_0.id,r1_0.count_of_viewers,r1_0.country_code,r1_0.date,r1_0.location,r1_0.name,r1_0.race_creator,w1_0.id,w1_0.birth_day,w1_0.country_code,w1_0.first_name,w1_0.gear_description,w1_0.last_name,w1_0.fk_team,t1_0.id,t1_0.head_sponsor,t1_0.name,w1_0.wins,p1_0.rider_id,p1_1.id,p1_1.count_of_viewers,p1_1.country_code,p1_1.date,p1_1.location,p1_1.name,p1_1.race_creator from race r1_0 left join rider w1_0 on w1_0.id=r1_0.winner_id left join team t1_0 on t1_0.id=w1_0.fk_team left join (rider_program p1_0 join race p1_1 on p1_1.id=p1_0.race_id) on w1_0.id=p1_0.rider_id where r1_0.id=?
Hibernate: insert into calendar (end_year,start_year,id) values (?,?,?)
Hibernate: insert into team (head_sponsor,name,id) values (?,?,?)
Hibernate: insert into rider (birth_day,country_code,first_name,gear_description,last_name,fk_team,wins,id) values (?,?,?,?,?,?,?,?)
Hibernate: insert into race (count_of_viewers,country_code,date,location,name,race_creator,winner_id,id) values (?,?,?,?,?,?,?,default)
Hibernate: update rider set birth_day=?,country_code=?,first_name=?,gear_description=?,last_name=?,fk_team=?,wins=? where id=?
Hibernate: update race set count_of_viewers=?,country_code=?,date=?,location=?,name=?,race_creator=?,winner_id=? where id=?
Hibernate: insert into rider_program (rider_id,race_id) values (?,?)
Hibernate: update race set calendar_id=? where id=?
Hibernate: insert into riders_in_race (race_id,rider_id) values (?,?)
Hibernate: select r1_0.id,r1_0.birth_day,r1_0.country_code,r1_0.first_name,r1_0.gear_description,r1_0.last_name,r1_0.fk_team,r1_0.wins from rider r1_0 where r1_0.first_name=? and r1_0.last_name=?
Hibernate: select t1_0.id,t1_0.head_sponsor,t1_0.name,m1_0.fk_team,m1_0.id,m1_0.birth_day,m1_0.country_code,m1_0.first_name,m1_0.gear_description,m1_0.last_name,m1_0.wins from team t1_0 left join rider m1_0 on t1_0.id=m1_0.fk_team where t1_0.id=?
Hibernate: select r1_0.id,r1_0.birth_day,r1_0.country_code,r1_0.first_name,r1_0.gear_description,r1_0.last_name,r1_0.fk_team,t1_0.id,t1_0.head_sponsor,t1_0.name,r1_0.wins,p1_0.rider_id,p1_1.id,p1_1.count_of_viewers,p1_1.country_code,p1_1.date,p1_1.location,p1_1.name,p1_1.race_creator,w1_0.id,w1_0.birth_day,w1_0.country_code,w1_0.first_name,w1_0.gear_description,w1_0.last_name,w1_0.fk_team,t2_0.id,t2_0.head_sponsor,t2_0.name,w1_0.wins from rider r1_0 join team t1_0 on t1_0.id=r1_0.fk_team left join (rider_program p1_0 join race p1_1 on p1_1.id=p1_0.race_id) on r1_0.id=p1_0.rider_id left join rider w1_0 on w1_0.id=p1_1.winner_id left join team t2_0 on t2_0.id=w1_0.fk_team where r1_0.id=?
Hibernate: select r1_0.id,r1_0.count_of_viewers,r1_0.country_code,r1_0.date,r1_0.location,r1_0.name,r1_0.race_creator,w1_0.id,w1_0.birth_day,w1_0.country_code,w1_0.first_name,w1_0.gear_description,w1_0.last_name,w1_0.fk_team,t1_0.id,t1_0.head_sponsor,t1_0.name,w1_0.wins,p1_0.rider_id,p1_1.id,p1_1.count_of_viewers,p1_1.country_code,p1_1.date,p1_1.location,p1_1.name,p1_1.race_creator from race r1_0 left join rider w1_0 on w1_0.id=r1_0.winner_id left join team t1_0 on t1_0.id=w1_0.fk_team left join (rider_program p1_0 join race p1_1 on p1_1.id=p1_0.race_id) on w1_0.id=p1_0.rider_id where r1_0.id=?
Hibernate: insert into calendar (end_year,start_year,id) values (?,?,?)
Hibernate: insert into team (head_sponsor,name,id) values (?,?,?)
Hibernate: insert into rider (birth_day,country_code,first_name,gear_description,last_name,fk_team,wins,id) values (?,?,?,?,?,?,?,?)
Hibernate: insert into race (count_of_viewers,country_code,date,location,name,race_creator,winner_id,id) values (?,?,?,?,?,?,?,default)
Hibernate: update rider set birth_day=?,country_code=?,first_name=?,gear_description=?,last_name=?,fk_team=?,wins=? where id=?
Hibernate: update race set count_of_viewers=?,country_code=?,date=?,location=?,name=?,race_creator=?,winner_id=? where id=?
Hibernate: insert into rider_program (rider_id,race_id) values (?,?)
Hibernate: update race set calendar_id=? where id=?
Hibernate: insert into riders_in_race (race_id,rider_id) values (?,?)
Hibernate: select r1_0.id,r1_0.birth_day,r1_0.country_code,r1_0.first_name,r1_0.gear_description,r1_0.last_name,r1_0.fk_team,r1_0.wins from rider r1_0 where r1_0.first_name=? and r1_0.last_name=?
Hibernate: select t1_0.id,t1_0.head_sponsor,t1_0.name,m1_0.fk_team,m1_0.id,m1_0.birth_day,m1_0.country_code,m1_0.first_name,m1_0.gear_description,m1_0.last_name,m1_0.wins from team t1_0 left join rider m1_0 on t1_0.id=m1_0.fk_team where t1_0.id=?
Hibernate: select r1_0.id,r1_0.birth_day,r1_0.country_code,r1_0.first_name,r1_0.gear_description,r1_0.last_name,r1_0.fk_team,t1_0.id,t1_0.head_sponsor,t1_0.name,r1_0.wins,p1_0.rider_id,p1_1.id,p1_1.count_of_viewers,p1_1.country_code,p1_1.date,p1_1.location,p1_1.name,p1_1.race_creator,w1_0.id,w1_0.birth_day,w1_0.country_code,w1_0.first_name,w1_0.gear_description,w1_0.last_name,w1_0.fk_team,t2_0.id,t2_0.head_sponsor,t2_0.name,w1_0.wins from rider r1_0 join team t1_0 on t1_0.id=r1_0.fk_team left join (rider_program p1_0 join race p1_1 on p1_1.id=p1_0.race_id) on r1_0.id=p1_0.rider_id left join rider w1_0 on w1_0.id=p1_1.winner_id left join team t2_0 on t2_0.id=w1_0.fk_team where r1_0.id=?
Hibernate: select r1_0.id,r1_0.count_of_viewers,r1_0.country_code,r1_0.date,r1_0.location,r1_0.name,r1_0.race_creator,w1_0.id,w1_0.birth_day,w1_0.country_code,w1_0.first_name,w1_0.gear_description,w1_0.last_name,w1_0.fk_team,t1_0.id,t1_0.head_sponsor,t1_0.name,w1_0.wins,p1_0.rider_id,p1_1.id,p1_1.count_of_viewers,p1_1.country_code,p1_1.date,p1_1.location,p1_1.name,p1_1.race_creator from race r1_0 left join rider w1_0 on w1_0.id=r1_0.winner_id left join team t1_0 on t1_0.id=w1_0.fk_team left join (rider_program p1_0 join race p1_1 on p1_1.id=p1_0.race_id) on w1_0.id=p1_0.rider_id where r1_0.id=?
Hibernate: insert into calendar (end_year,start_year,id) values (?,?,?)
Hibernate: insert into team (head_sponsor,name,id) values (?,?,?)
Hibernate: insert into rider (birth_day,country_code,first_name,gear_description,last_name,fk_team,wins,id) values (?,?,?,?,?,?,?,?)
Hibernate: insert into race (count_of_viewers,country_code,date,location,name,race_creator,winner_id,id) values (?,?,?,?,?,?,?,default)
Hibernate: update rider set birth_day=?,country_code=?,first_name=?,gear_description=?,last_name=?,fk_team=?,wins=? where id=?
Hibernate: update race set count_of_viewers=?,country_code=?,date=?,location=?,name=?,race_creator=?,winner_id=? where id=?
Hibernate: insert into rider_program (rider_id,race_id) values (?,?)
Hibernate: update race set calendar_id=? where id=?
Hibernate: insert into riders_in_race (race_id,rider_id) values (?,?)
Hibernate: select r1_0.id,r1_0.birth_day,r1_0.country_code,r1_0.first_name,r1_0.gear_description,r1_0.last_name,r1_0.fk_team,r1_0.wins from rider r1_0 where r1_0.first_name=? and r1_0.last_name=?
Hibernate: select t1_0.id,t1_0.head_sponsor,t1_0.name,m1_0.fk_team,m1_0.id,m1_0.birth_day,m1_0.country_code,m1_0.first_name,m1_0.gear_description,m1_0.last_name,m1_0.wins from team t1_0 left join rider m1_0 on t1_0.id=m1_0.fk_team where t1_0.id=?
Hibernate: select r1_0.id,r1_0.birth_day,r1_0.country_code,r1_0.first_name,r1_0.gear_description,r1_0.last_name,r1_0.fk_team,t1_0.id,t1_0.head_sponsor,t1_0.name,r1_0.wins,p1_0.rider_id,p1_1.id,p1_1.count_of_viewers,p1_1.country_code,p1_1.date,p1_1.location,p1_1.name,p1_1.race_creator,w1_0.id,w1_0.birth_day,w1_0.country_code,w1_0.first_name,w1_0.gear_description,w1_0.last_name,w1_0.fk_team,t2_0.id,t2_0.head_sponsor,t2_0.name,w1_0.wins from rider r1_0 join team t1_0 on t1_0.id=r1_0.fk_team left join (rider_program p1_0 join race p1_1 on p1_1.id=p1_0.race_id) on r1_0.id=p1_0.rider_id left join rider w1_0 on w1_0.id=p1_1.winner_id left join team t2_0 on t2_0.id=w1_0.fk_team where r1_0.id=?
Hibernate: select r1_0.id,r1_0.count_of_viewers,r1_0.country_code,r1_0.date,r1_0.location,r1_0.name,r1_0.race_creator,w1_0.id,w1_0.birth_day,w1_0.country_code,w1_0.first_name,w1_0.gear_description,w1_0.last_name,w1_0.fk_team,t1_0.id,t1_0.head_sponsor,t1_0.name,w1_0.wins,p1_0.rider_id,p1_1.id,p1_1.count_of_viewers,p1_1.country_code,p1_1.date,p1_1.location,p1_1.name,p1_1.race_creator from race r1_0 left join rider w1_0 on w1_0.id=r1_0.winner_id left join team t1_0 on t1_0.id=w1_0.fk_team left join (rider_program p1_0 join race p1_1 on p1_1.id=p1_0.race_id) on w1_0.id=p1_0.rider_id where r1_0.id=?
Hibernate: insert into calendar (end_year,start_year,id) values (?,?,?)
Hibernate: insert into team (head_sponsor,name,id) values (?,?,?)
Hibernate: insert into rider (birth_day,country_code,first_name,gear_description,last_name,fk_team,wins,id) values (?,?,?,?,?,?,?,?)
Hibernate: insert into race (count_of_viewers,country_code,date,location,name,race_creator,winner_id,id) values (?,?,?,?,?,?,?,default)
Hibernate: update rider set birth_day=?,country_code=?,first_name=?,gear_description=?,last_name=?,fk_team=?,wins=? where id=?
Hibernate: update race set count_of_viewers=?,country_code=?,date=?,location=?,name=?,race_creator=?,winner_id=? where id=?
Hibernate: insert into rider_program (rider_id,race_id) values (?,?)
Hibernate: update race set calendar_id=? where id=?
Hibernate: insert into riders_in_race (race_id,rider_id) values (?,?)
Hibernate: select r1_0.id,r1_0.birth_day,r1_0.country_code,r1_0.first_name,r1_0.gear_description,r1_0.last_name,r1_0.fk_team,r1_0.wins from rider r1_0 where r1_0.first_name=? and r1_0.last_name=?
Hibernate: select t1_0.id,t1_0.head_sponsor,t1_0.name,m1_0.fk_team,m1_0.id,m1_0.birth_day,m1_0.country_code,m1_0.first_name,m1_0.gear_description,m1_0.last_name,m1_0.wins from team t1_0 left join rider m1_0 on t1_0.id=m1_0.fk_team where t1_0.id=?
Hibernate: select r1_0.id,r1_0.birth_day,r1_0.country_code,r1_0.first_name,r1_0.gear_description,r1_0.last_name,r1_0.fk_team,t1_0.id,t1_0.head_sponsor,t1_0.name,r1_0.wins,p1_0.rider_id,p1_1.id,p1_1.count_of_viewers,p1_1.country_code,p1_1.date,p1_1.location,p1_1.name,p1_1.race_creator,w1_0.id,w1_0.birth_day,w1_0.country_code,w1_0.first_name,w1_0.gear_description,w1_0.last_name,w1_0.fk_team,t2_0.id,t2_0.head_sponsor,t2_0.name,w1_0.wins from rider r1_0 join team t1_0 on t1_0.id=r1_0.fk_team left join (rider_program p1_0 join race p1_1 on p1_1.id=p1_0.race_id) on r1_0.id=p1_0.rider_id left join rider w1_0 on w1_0.id=p1_1.winner_id left join team t2_0 on t2_0.id=w1_0.fk_team where r1_0.id=?
Hibernate: select r1_0.id,r1_0.count_of_viewers,r1_0.country_code,r1_0.date,r1_0.location,r1_0.name,r1_0.race_creator,w1_0.id,w1_0.birth_day,w1_0.country_code,w1_0.first_name,w1_0.gear_description,w1_0.last_name,w1_0.fk_team,t1_0.id,t1_0.head_sponsor,t1_0.name,w1_0.wins,p1_0.rider_id,p1_1.id,p1_1.count_of_viewers,p1_1.country_code,p1_1.date,p1_1.location,p1_1.name,p1_1.race_creator from race r1_0 left join rider w1_0 on w1_0.id=r1_0.winner_id left join team t1_0 on t1_0.id=w1_0.fk_team left join (rider_program p1_0 join race p1_1 on p1_1.id=p1_0.race_id) on w1_0.id=p1_0.rider_id where r1_0.id=?
Hibernate: insert into calendar (end_year,start_year,id) values (?,?,?)
Hibernate: insert into team (head_sponsor,name,id) values (?,?,?)
Hibernate: insert into rider (birth_day,country_code,first_name,gear_description,last_name,fk_team,wins,id) values (?,?,?,?,?,?,?,?)
Hibernate: insert into race (count_of_viewers,country_code,date,location,name,race_creator,winner_id,id) values (?,?,?,?,?,?,?,default)
Hibernate: update rider set birth_day=?,country_code=?,first_name=?,gear_description=?,last_name=?,fk_team=?,wins=? where id=?
Hibernate: update race set count_of_viewers=?,country_code=?,date=?,location=?,name=?,race_creator=?,winner_id=? where id=?
Hibernate: insert into rider_program (rider_id,race_id) values (?,?)
Hibernate: update race set calendar_id=? where id=?
Hibernate: insert into riders_in_race (race_id,rider_id) values (?,?)
Hibernate: select r1_0.id,r1_0.birth_day,r1_0.country_code,r1_0.first_name,r1_0.gear_description,r1_0.last_name,r1_0.fk_team,r1_0.wins from rider r1_0 where r1_0.first_name=? and r1_0.last_name=?
Hibernate: select t1_0.id,t1_0.head_sponsor,t1_0.name,m1_0.fk_team,m1_0.id,m1_0.birth_day,m1_0.country_code,m1_0.first_name,m1_0.gear_description,m1_0.last_name,m1_0.wins from team t1_0 left join rider m1_0 on t1_0.id=m1_0.fk_team where t1_0.id=?
Hibernate: select r1_0.id,r1_0.birth_day,r1_0.country_code,r1_0.first_name,r1_0.gear_description,r1_0.last_name,r1_0.fk_team,t1_0.id,t1_0.head_sponsor,t1_0.name,r1_0.wins,p1_0.rider_id,p1_1.id,p1_1.count_of_viewers,p1_1.country_code,p1_1.date,p1_1.location,p1_1.name,p1_1.race_creator,w1_0.id,w1_0.birth_day,w1_0.country_code,w1_0.first_name,w1_0.gear_description,w1_0.last_name,w1_0.fk_team,t2_0.id,t2_0.head_sponsor,t2_0.name,w1_0.wins from rider r1_0 join team t1_0 on t1_0.id=r1_0.fk_team left join (rider_program p1_0 join race p1_1 on p1_1.id=p1_0.race_id) on r1_0.id=p1_0.rider_id left join rider w1_0 on w1_0.id=p1_1.winner_id left join team t2_0 on t2_0.id=w1_0.fk_team where r1_0.id=?
Hibernate: select r1_0.id,r1_0.count_of_viewers,r1_0.country_code,r1_0.date,r1_0.location,r1_0.name,r1_0.race_creator,w1_0.id,w1_0.birth_day,w1_0.country_code,w1_0.first_name,w1_0.gear_description,w1_0.last_name,w1_0.fk_team,t1_0.id,t1_0.head_sponsor,t1_0.name,w1_0.wins,p1_0.rider_id,p1_1.id,p1_1.count_of_viewers,p1_1.country_code,p1_1.date,p1_1.location,p1_1.name,p1_1.race_creator from race r1_0 left join rider w1_0 on w1_0.id=r1_0.winner_id left join team t1_0 on t1_0.id=w1_0.fk_team left join (rider_program p1_0 join race p1_1 on p1_1.id=p1_0.race_id) on w1_0.id=p1_0.rider_id where r1_0.id=?
Hibernate: insert into calendar (end_year,start_year,id) values (?,?,?)
Hibernate: insert into team (head_sponsor,name,id) values (?,?,?)
Hibernate: insert into rider (birth_day,country_code,first_name,gear_description,last_name,fk_team,wins,id) values (?,?,?,?,?,?,?,?)
Hibernate: insert into race (count_of_viewers,country_code,date,location,name,race_creator,winner_id,id) values (?,?,?,?,?,?,?,default)
Hibernate: update rider set birth_day=?,country_code=?,first_name=?,gear_description=?,last_name=?,fk_team=?,wins=? where id=?
Hibernate: update race set count_of_viewers=?,country_code=?,date=?,location=?,name=?,race_creator=?,winner_id=? where id=?
Hibernate: insert into rider_program (rider_id,race_id) values (?,?)
Hibernate: update race set calendar_id=? where id=?
Hibernate: insert into riders_in_race (race_id,rider_id) values (?,?)
Hibernate: select r1_0.id,r1_0.birth_day,r1_0.country_code,r1_0.first_name,r1_0.gear_description,r1_0.last_name,r1_0.fk_team,r1_0.wins from rider r1_0 where r1_0.first_name=? and r1_0.last_name=?
Hibernate: select t1_0.id,t1_0.head_sponsor,t1_0.name,m1_0.fk_team,m1_0.id,m1_0.birth_day,m1_0.country_code,m1_0.first_name,m1_0.gear_description,m1_0.last_name,m1_0.wins from team t1_0 left join rider m1_0 on t1_0.id=m1_0.fk_team where t1_0.id=?
Hibernate: select r1_0.id,r1_0.birth_day,r1_0.country_code,r1_0.first_name,r1_0.gear_description,r1_0.last_name,r1_0.fk_team,t1_0.id,t1_0.head_sponsor,t1_0.name,r1_0.wins,p1_0.rider_id,p1_1.id,p1_1.count_of_viewers,p1_1.country_code,p1_1.date,p1_1.location,p1_1.name,p1_1.race_creator,w1_0.id,w1_0.birth_day,w1_0.country_code,w1_0.first_name,w1_0.gear_description,w1_0.last_name,w1_0.fk_team,t2_0.id,t2_0.head_sponsor,t2_0.name,w1_0.wins from rider r1_0 join team t1_0 on t1_0.id=r1_0.fk_team left join (rider_program p1_0 join race p1_1 on p1_1.id=p1_0.race_id) on r1_0.id=p1_0.rider_id left join rider w1_0 on w1_0.id=p1_1.winner_id left join team t2_0 on t2_0.id=w1_0.fk_team where r1_0.id=?
Hibernate: select r1_0.id,r1_0.count_of_viewers,r1_0.country_code,r1_0.date,r1_0.location,r1_0.name,r1_0.race_creator,w1_0.id,w1_0.birth_day,w1_0.country_code,w1_0.first_name,w1_0.gear_description,w1_0.last_name,w1_0.fk_team,t1_0.id,t1_0.head_sponsor,t1_0.name,w1_0.wins,p1_0.rider_id,p1_1.id,p1_1.count_of_viewers,p1_1.country_code,p1_1.date,p1_1.location,p1_1.name,p1_1.race_creator from race r1_0 left join rider w1_0 on w1_0.id=r1_0.winner_id left join team t1_0 on t1_0.id=w1_0.fk_team left join (rider_program p1_0 join race p1_1 on p1_1.id=p1_0.race_id) on w1_0.id=p1_0.rider_id where r1_0.id=?
Hibernate: insert into calendar (end_year,start_year,id) values (?,?,?)
Hibernate: insert into team (head_sponsor,name,id) values (?,?,?)
Hibernate: insert into rider (birth_day,country_code,first_name,gear_description,last_name,fk_team,wins,id) values (?,?,?,?,?,?,?,?)
Hibernate: insert into race (count_of_viewers,country_code,date,location,name,race_creator,winner_id,id) values (?,?,?,?,?,?,?,default)
Hibernate: update rider set birth_day=?,country_code=?,first_name=?,gear_description=?,last_name=?,fk_team=?,wins=? where id=?
Hibernate: update race set count_of_viewers=?,country_code=?,date=?,location=?,name=?,race_creator=?,winner_id=? where id=?
Hibernate: insert into rider_program (rider_id,race_id) values (?,?)
Hibernate: update race set calendar_id=? where id=?
Hibernate: insert into riders_in_race (race_id,rider_id) values (?,?)
Hibernate: select r1_0.id,r1_0.birth_day,r1_0.country_code,r1_0.first_name,r1_0.gear_description,r1_0.last_name,r1_0.fk_team,r1_0.wins from rider r1_0 where r1_0.first_name=? and r1_0.last_name=?
Hibernate: select t1_0.id,t1_0.head_sponsor,t1_0.name,m1_0.fk_team,m1_0.id,m1_0.birth_day,m1_0.country_code,m1_0.first_name,m1_0.gear_description,m1_0.last_name,m1_0.wins from team t1_0 left join rider m1_0 on t1_0.id=m1_0.fk_team where t1_0.id=?
Hibernate: select r1_0.id,r1_0.birth_day,r1_0.country_code,r1_0.first_name,r1_0.gear_description,r1_0.last_name,r1_0.fk_team,t1_0.id,t1_0.head_sponsor,t1_0.name,r1_0.wins,p1_0.rider_id,p1_1.id,p1_1.count_of_viewers,p1_1.country_code,p1_1.date,p1_1.location,p1_1.name,p1_1.race_creator,w1_0.id,w1_0.birth_day,w1_0.country_code,w1_0.first_name,w1_0.gear_description,w1_0.last_name,w1_0.fk_team,t2_0.id,t2_0.head_sponsor,t2_0.name,w1_0.wins from rider r1_0 join team t1_0 on t1_0.id=r1_0.fk_team left join (rider_program p1_0 join race p1_1 on p1_1.id=p1_0.race_id) on r1_0.id=p1_0.rider_id left join rider w1_0 on w1_0.id=p1_1.winner_id left join team t2_0 on t2_0.id=w1_0.fk_team where r1_0.id=?
Hibernate: select r1_0.id,r1_0.count_of_viewers,r1_0.country_code,r1_0.date,r1_0.location,r1_0.name,r1_0.race_creator,w1_0.id,w1_0.birth_day,w1_0.country_code,w1_0.first_name,w1_0.gear_description,w1_0.last_name,w1_0.fk_team,t1_0.id,t1_0.head_sponsor,t1_0.name,w1_0.wins,p1_0.rider_id,p1_1.id,p1_1.count_of_viewers,p1_1.country_code,p1_1.date,p1_1.location,p1_1.name,p1_1.race_creator from race r1_0 left join rider w1_0 on w1_0.id=r1_0.winner_id left join team t1_0 on t1_0.id=w1_0.fk_team left join (rider_program p1_0 join race p1_1 on p1_1.id=p1_0.race_id) on w1_0.id=p1_0.rider_id where r1_0.id=?
Hibernate: insert into calendar (end_year,start_year,id) values (?,?,?)
Hibernate: insert into team (head_sponsor,name,id) values (?,?,?)
Hibernate: insert into rider (birth_day,country_code,first_name,gear_description,last_name,fk_team,wins,id) values (?,?,?,?,?,?,?,?)
Hibernate: insert into race (count_of_viewers,country_code,date,location,name,race_creator,winner_id,id) values (?,?,?,?,?,?,?,default)
Hibernate: update rider set birth_day=?,country_code=?,first_name=?,gear_description=?,last_name=?,fk_team=?,wins=? where id=?
Hibernate: update race set count_of_viewers=?,country_code=?,date=?,location=?,name=?,race_creator=?,winner_id=? where id=?
Hibernate: insert into rider_program (rider_id,race_id) values (?,?)
Hibernate: update race set calendar_id=? where id=?
Hibernate: insert into riders_in_race (race_id,rider_id) values (?,?)
Hibernate: select r1_0.id,r1_0.birth_day,r1_0.country_code,r1_0.first_name,r1_0.gear_description,r1_0.last_name,r1_0.fk_team,r1_0.wins from rider r1_0 where r1_0.first_name=? and r1_0.last_name=?
Hibernate: select t1_0.id,t1_0.head_sponsor,t1_0.name,m1_0.fk_team,m1_0.id,m1_0.birth_day,m1_0.country_code,m1_0.first_name,m1_0.gear_description,m1_0.last_name,m1_0.wins from team t1_0 left join rider m1_0 on t1_0.id=m1_0.fk_team where t1_0.id=?
Hibernate: select r1_0.id,r1_0.birth_day,r1_0.country_code,r1_0.first_name,r1_0.gear_description,r1_0.last_name,r1_0.fk_team,t1_0.id,t1_0.head_sponsor,t1_0.name,r1_0.wins,p1_0.rider_id,p1_1.id,p1_1.count_of_viewers,p1_1.country_code,p1_1.date,p1_1.location,p1_1.name,p1_1.race_creator,w1_0.id,w1_0.birth_day,w1_0.country_code,w1_0.first_name,w1_0.gear_description,w1_0.last_name,w1_0.fk_team,t2_0.id,t2_0.head_sponsor,t2_0.name,w1_0.wins from rider r1_0 join team t1_0 on t1_0.id=r1_0.fk_team left join (rider_program p1_0 join race p1_1 on p1_1.id=p1_0.race_id) on r1_0.id=p1_0.rider_id left join rider w1_0 on w1_0.id=p1_1.winner_id left join team t2_0 on t2_0.id=w1_0.fk_team where r1_0.id=?
Hibernate: select r1_0.id,r1_0.count_of_viewers,r1_0.country_code,r1_0.date,r1_0.location,r1_0.name,r1_0.race_creator,w1_0.id,w1_0.birth_day,w1_0.country_code,w1_0.first_name,w1_0.gear_description,w1_0.last_name,w1_0.fk_team,t1_0.id,t1_0.head_sponsor,t1_0.name,w1_0.wins,p1_0.rider_id,p1_1.id,p1_1.count_of_viewers,p1_1.country_code,p1_1.date,p1_1.location,p1_1.name,p1_1.race_creator from race r1_0 left join rider w1_0 on w1_0.id=r1_0.winner_id left join team t1_0 on t1_0.id=w1_0.fk_team left join (rider_program p1_0 join race p1_1 on p1_1.id=p1_0.race_id) on w1_0.id=p1_0.rider_id where r1_0.id=?
Hibernate: insert into calendar (end_year,start_year,id) values (?,?,?)
Hibernate: insert into team (head_sponsor,name,id) values (?,?,?)
Hibernate: insert into rider (birth_day,country_code,first_name,gear_description,last_name,fk_team,wins,id) values (?,?,?,?,?,?,?,?)
Hibernate: insert into race (count_of_viewers,country_code,date,location,name,race_creator,winner_id,id) values (?,?,?,?,?,?,?,default)
Hibernate: update rider set birth_day=?,country_code=?,first_name=?,gear_description=?,last_name=?,fk_team=?,wins=? where id=?
Hibernate: update race set count_of_viewers=?,country_code=?,date=?,location=?,name=?,race_creator=?,winner_id=? where id=?
Hibernate: insert into rider_program (rider_id,race_id) values (?,?)
Hibernate: update race set calendar_id=? where id=?
Hibernate: insert into riders_in_race (race_id,rider_id) values (?,?)
Hibernate: select r1_0.id,r1_0.birth_day,r1_0.country_code,r1_0.first_name,r1_0.gear_description,r1_0.last_name,r1_0.fk_team,r1_0.wins from rider r1_0 where r1_0.first_name=? and r1_0.last_name=?
Hibernate: select t1_0.id,t1_0.head_sponsor,t1_0.name,m1_0.fk_team,m1_0.id,m1_0.birth_day,m1_0.country_code,m1_0.first_name,m1_0.gear_description,m1_0.last_name,m1_0.wins from team t1_0 left join rider m1_0 on t1_0.id=m1_0.fk_team where t1_0.id=?
Hibernate: select r1_0.id,r1_0.birth_day,r1_0.country_code,r1_0.first_name,r1_0.gear_description,r1_0.last_name,r1_0.fk_team,t1_0.id,t1_0.head_sponsor,t1_0.name,r1_0.wins,p1_0.rider_id,p1_1.id,p1_1.count_of_viewers,p1_1.country_code,p1_1.date,p1_1.location,p1_1.name,p1_1.race_creator,w1_0.id,w1_0.birth_day,w1_0.country_code,w1_0.first_name,w1_0.gear_description,w1_0.last_name,w1_0.fk_team,t2_0.id,t2_0.head_sponsor,t2_0.name,w1_0.wins from rider r1_0 join team t1_0 on t1_0.id=r1_0.fk_team left join (rider_program p1_0 join race p1_1 on p1_1.id=p1_0.race_id) on r1_0.id=p1_0.rider_id left join rider w1_0 on w1_0.id=p1_1.winner_id left join team t2_0 on t2_0.id=w1_0.fk_team where r1_0.id=?
Hibernate: select r1_0.id,r1_0.count_of_viewers,r1_0.country_code,r1_0.date,r1_0.location,r1_0.name,r1_0.race_creator,w1_0.id,w1_0.birth_day,w1_0.country_code,w1_0.first_name,w1_0.gear_description,w1_0.last_name,w1_0.fk_team,t1_0.id,t1_0.head_sponsor,t1_0.name,w1_0.wins,p1_0.rider_id,p1_1.id,p1_1.count_of_viewers,p1_1.country_code,p1_1.date,p1_1.location,p1_1.name,p1_1.race_creator from race r1_0 left join rider w1_0 on w1_0.id=r1_0.winner_id left join team t1_0 on t1_0.id=w1_0.fk_team left join (rider_program p1_0 join race p1_1 on p1_1.id=p1_0.race_id) on w1_0.id=p1_0.rider_id where r1_0.id=?
Hibernate: insert into calendar (end_year,start_year,id) values (?,?,?)
Hibernate: insert into team (head_sponsor,name,id) values (?,?,?)
Hibernate: insert into rider (birth_day,country_code,first_name,gear_description,last_name,fk_team,wins,id) values (?,?,?,?,?,?,?,?)
Hibernate: insert into race (count_of_viewers,country_code,date,location,name,race_creator,winner_id,id) values (?,?,?,?,?,?,?,default)
Hibernate: update rider set birth_day=?,country_code=?,first_name=?,gear_description=?,last_name=?,fk_team=?,wins=? where id=?
Hibernate: update race set count_of_viewers=?,country_code=?,date=?,location=?,name=?,race_creator=?,winner_id=? where id=?
Hibernate: insert into rider_program (rider_id,race_id) values (?,?)
Hibernate: update race set calendar_id=? where id=?
Hibernate: insert into riders_in_race (race_id,rider_id) values (?,?)
Hibernate: select r1_0.id,r1_0.birth_day,r1_0.country_code,r1_0.first_name,r1_0.gear_description,r1_0.last_name,r1_0.fk_team,r1_0.wins from rider r1_0 where r1_0.first_name=? and r1_0.last_name=?
Hibernate: select t1_0.id,t1_0.head_sponsor,t1_0.name,m1_0.fk_team,m1_0.id,m1_0.birth_day,m1_0.country_code,m1_0.first_name,m1_0.gear_description,m1_0.last_name,m1_0.wins from team t1_0 left join rider m1_0 on t1_0.id=m1_0.fk_team where t1_0.id=?
Hibernate: select r1_0.id,r1_0.birth_day,r1_0.country_code,r1_0.first_name,r1_0.gear_description,r1_0.last_name,r1_0.fk_team,t1_0.id,t1_0.head_sponsor,t1_0.name,r1_0.wins,p1_0.rider_id,p1_1.id,p1_1.count_of_viewers,p1_1.country_code,p1_1.date,p1_1.location,p1_1.name,p1_1.race_creator,w1_0.id,w1_0.birth_day,w1_0.country_code,w1_0.first_name,w1_0.gear_description,w1_0.last_name,w1_0.fk_team,t2_0.id,t2_0.head_sponsor,t2_0.name,w1_0.wins from rider r1_0 join team t1_0 on t1_0.id=r1_0.fk_team left join (rider_program p1_0 join race p1_1 on p1_1.id=p1_0.race_id) on r1_0.id=p1_0.rider_id left join rider w1_0 on w1_0.id=p1_1.winner_id left join team t2_0 on t2_0.id=w1_0.fk_team where r1_0.id=?
Hibernate: select r1_0.id,r1_0.count_of_viewers,r1_0.country_code,r1_0.date,r1_0.location,r1_0.name,r1_0.race_creator,w1_0.id,w1_0.birth_day,w1_0.country_code,w1_0.first_name,w1_0.gear_description,w1_0.last_name,w1_0.fk_team,t1_0.id,t1_0.head_sponsor,t1_0.name,w1_0.wins,p1_0.rider_id,p1_1.id,p1_1.count_of_viewers,p1_1.country_code,p1_1.date,p1_1.location,p1_1.name,p1_1.race_creator from race r1_0 left join rider w1_0 on w1_0.id=r1_0.winner_id left join team t1_0 on t1_0.id=w1_0.fk_team left join (rider_program p1_0 join race p1_1 on p1_1.id=p1_0.race_id) on w1_0.id=p1_0.rider_id where r1_0.id=?
Hibernate: insert into calendar (end_year,start_year,id) values (?,?,?)
Hibernate: insert into team (head_sponsor,name,id) values (?,?,?)
Hibernate: insert into rider (birth_day,country_code,first_name,gear_description,last_name,fk_team,wins,id) values (?,?,?,?,?,?,?,?)
Hibernate: insert into race (count_of_viewers,country_code,date,location,name,race_creator,winner_id,id) values (?,?,?,?,?,?,?,default)
Hibernate: update rider set birth_day=?,country_code=?,first_name=?,gear_description=?,last_name=?,fk_team=?,wins=? where id=?
Hibernate: update race set count_of_viewers=?,country_code=?,date=?,location=?,name=?,race_creator=?,winner_id=? where id=?
Hibernate: insert into rider_program (rider_id,race_id) values (?,?)
Hibernate: update race set calendar_id=? where id=?
Hibernate: insert into riders_in_race (race_id,rider_id) values (?,?)
[...]
Hibernate: insert into calendar (end_year,start_year,id) values (?,?,?)
Hibernate: insert into team (head_sponsor,name,id) values (?,?,?)
Hibernate: insert into rider (birth_day,country_code,first_name,gear_description,last_name,fk_team,wins,id) values (?,?,?,?,?,?,?,?)
Hibernate: insert into race (count_of_viewers,country_code,date,location,name,race_creator,winner_id,id) values (?,?,?,?,?,?,?,default)
Hibernate: update rider set birth_day=?,country_code=?,first_name=?,gear_description=?,last_name=?,fk_team=?,wins=? where id=?
Hibernate: update race set count_of_viewers=?,country_code=?,date=?,location=?,name=?,race_creator=?,winner_id=? where id=?
Hibernate: insert into rider_program (rider_id,race_id) values (?,?)
Hibernate: update race set calendar_id=? where id=?
Hibernate: insert into riders_in_race (race_id,rider_id) values (?,?)
Hibernate: select r1_0.id,r1_0.birth_day,r1_0.country_code,r1_0.first_name,r1_0.gear_description,r1_0.last_name,r1_0.fk_team,r1_0.wins from rider r1_0 where r1_0.first_name=? and r1_0.last_name=?
Hibernate: select t1_0.id,t1_0.head_sponsor,t1_0.name,m1_0.fk_team,m1_0.id,m1_0.birth_day,m1_0.country_code,m1_0.first_name,m1_0.gear_description,m1_0.last_name,m1_0.wins from team t1_0 left join rider m1_0 on t1_0.id=m1_0.fk_team where t1_0.id=?
Hibernate: select r1_0.id,r1_0.birth_day,r1_0.country_code,r1_0.first_name,r1_0.gear_description,r1_0.last_name,r1_0.fk_team,t1_0.id,t1_0.head_sponsor,t1_0.name,r1_0.wins,p1_0.rider_id,p1_1.id,p1_1.count_of_viewers,p1_1.country_code,p1_1.date,p1_1.location,p1_1.name,p1_1.race_creator,w1_0.id,w1_0.birth_day,w1_0.country_code,w1_0.first_name,w1_0.gear_description,w1_0.last_name,w1_0.fk_team,t2_0.id,t2_0.head_sponsor,t2_0.name,w1_0.wins from rider r1_0 join team t1_0 on t1_0.id=r1_0.fk_team left join (rider_program p1_0 join race p1_1 on p1_1.id=p1_0.race_id) on r1_0.id=p1_0.rider_id left join rider w1_0 on w1_0.id=p1_1.winner_id left join team t2_0 on t2_0.id=w1_0.fk_team where r1_0.id=?
Hibernate: select r1_0.id,r1_0.count_of_viewers,r1_0.country_code,r1_0.date,r1_0.location,r1_0.name,r1_0.race_creator,w1_0.id,w1_0.birth_day,w1_0.country_code,w1_0.first_name,w1_0.gear_description,w1_0.last_name,w1_0.fk_team,t1_0.id,t1_0.head_sponsor,t1_0.name,w1_0.wins,p1_0.rider_id,p1_1.id,p1_1.count_of_viewers,p1_1.country_code,p1_1.date,p1_1.location,p1_1.name,p1_1.race_creator from race r1_0 left join rider w1_0 on w1_0.id=r1_0.winner_id left join team t1_0 on t1_0.id=w1_0.fk_team left join (rider_program p1_0 join race p1_1 on p1_1.id=p1_0.race_id) on w1_0.id=p1_0.rider_id where r1_0.id=?
Hibernate: insert into calendar (end_year,start_year,id) values (?,?,?)
Hibernate: insert into team (head_sponsor,name,id) values (?,?,?)
Hibernate: insert into rider (birth_day,country_code,first_name,gear_description,last_name,fk_team,wins,id) values (?,?,?,?,?,?,?,?)
Hibernate: insert into race (count_of_viewers,country_code,date,location,name,race_creator,winner_id,id) values (?,?,?,?,?,?,?,default)
Hibernate: update rider set birth_day=?,country_code=?,first_name=?,gear_description=?,last_name=?,fk_team=?,wins=? where id=?
Hibernate: update race set count_of_viewers=?,country_code=?,date=?,location=?,name=?,race_creator=?,winner_id=? where id=?
Hibernate: insert into rider_program (rider_id,race_id) values (?,?)
Hibernate: update race set calendar_id=? where id=?
Hibernate: insert into riders_in_race (race_id,rider_id) values (?,?)
Hibernate: select r1_0.id,r1_0.birth_day,r1_0.country_code,r1_0.first_name,r1_0.gear_description,r1_0.last_name,r1_0.fk_team,r1_0.wins from rider r1_0 where r1_0.first_name=? and r1_0.last_name=?
Hibernate: select t1_0.id,t1_0.head_sponsor,t1_0.name,m1_0.fk_team,m1_0.id,m1_0.birth_day,m1_0.country_code,m1_0.first_name,m1_0.gear_description,m1_0.last_name,m1_0.wins from team t1_0 left join rider m1_0 on t1_0.id=m1_0.fk_team where t1_0.id=?
Hibernate: select r1_0.id,r1_0.birth_day,r1_0.country_code,r1_0.first_name,r1_0.gear_description,r1_0.last_name,r1_0.fk_team,t1_0.id,t1_0.head_sponsor,t1_0.name,r1_0.wins,p1_0.rider_id,p1_1.id,p1_1.count_of_viewers,p1_1.country_code,p1_1.date,p1_1.location,p1_1.name,p1_1.race_creator,w1_0.id,w1_0.birth_day,w1_0.country_code,w1_0.first_name,w1_0.gear_description,w1_0.last_name,w1_0.fk_team,t2_0.id,t2_0.head_sponsor,t2_0.name,w1_0.wins from rider r1_0 join team t1_0 on t1_0.id=r1_0.fk_team left join (rider_program p1_0 join race p1_1 on p1_1.id=p1_0.race_id) on r1_0.id=p1_0.rider_id left join rider w1_0 on w1_0.id=p1_1.winner_id left join team t2_0 on t2_0.id=w1_0.fk_team where r1_0.id=?
Hibernate: select r1_0.id,r1_0.count_of_viewers,r1_0.country_code,r1_0.date,r1_0.location,r1_0.name,r1_0.race_creator,w1_0.id,w1_0.birth_day,w1_0.country_code,w1_0.first_name,w1_0.gear_description,w1_0.last_name,w1_0.fk_team,t1_0.id,t1_0.head_sponsor,t1_0.name,w1_0.wins,p1_0.rider_id,p1_1.id,p1_1.count_of_viewers,p1_1.country_code,p1_1.date,p1_1.location,p1_1.name,p1_1.race_creator from race r1_0 left join rider w1_0 on w1_0.id=r1_0.winner_id left join team t1_0 on t1_0.id=w1_0.fk_team left join (rider_program p1_0 join race p1_1 on p1_1.id=p1_0.race_id) on w1_0.id=p1_0.rider_id where r1_0.id=?
Hibernate: insert into calendar (end_year,start_year,id) values (?,?,?)
Hibernate: insert into team (head_sponsor,name,id) values (?,?,?)
Hibernate: insert into rider (birth_day,country_code,first_name,gear_description,last_name,fk_team,wins,id) values (?,?,?,?,?,?,?,?)
Hibernate: insert into race (count_of_viewers,country_code,date,location,name,race_creator,winner_id,id) values (?,?,?,?,?,?,?,default)
Hibernate: update rider set birth_day=?,country_code=?,first_name=?,gear_description=?,last_name=?,fk_team=?,wins=? where id=?
Hibernate: update race set count_of_viewers=?,country_code=?,date=?,location=?,name=?,race_creator=?,winner_id=? where id=?
Hibernate: insert into rider_program (rider_id,race_id) values (?,?)
Hibernate: update race set calendar_id=? where id=?
Hibernate: insert into riders_in_race (race_id,rider_id) values (?,?)
Hibernate: select r1_0.id,r1_0.birth_day,r1_0.country_code,r1_0.first_name,r1_0.gear_description,r1_0.last_name,r1_0.fk_team,r1_0.wins from rider r1_0 where r1_0.first_name=? and r1_0.last_name=?
Hibernate: select t1_0.id,t1_0.head_sponsor,t1_0.name,m1_0.fk_team,m1_0.id,m1_0.birth_day,m1_0.country_code,m1_0.first_name,m1_0.gear_description,m1_0.last_name,m1_0.wins from team t1_0 left join rider m1_0 on t1_0.id=m1_0.fk_team where t1_0.id=?
Hibernate: select r1_0.id,r1_0.birth_day,r1_0.country_code,r1_0.first_name,r1_0.gear_description,r1_0.last_name,r1_0.fk_team,t1_0.id,t1_0.head_sponsor,t1_0.name,r1_0.wins,p1_0.rider_id,p1_1.id,p1_1.count_of_viewers,p1_1.country_code,p1_1.date,p1_1.location,p1_1.name,p1_1.race_creator,w1_0.id,w1_0.birth_day,w1_0.country_code,w1_0.first_name,w1_0.gear_description,w1_0.last_name,w1_0.fk_team,t2_0.id,t2_0.head_sponsor,t2_0.name,w1_0.wins from rider r1_0 join team t1_0 on t1_0.id=r1_0.fk_team left join (rider_program p1_0 join race p1_1 on p1_1.id=p1_0.race_id) on r1_0.id=p1_0.rider_id left join rider w1_0 on w1_0.id=p1_1.winner_id left join team t2_0 on t2_0.id=w1_0.fk_team where r1_0.id=?
Hibernate: select r1_0.id,r1_0.count_of_viewers,r1_0.country_code,r1_0.date,r1_0.location,r1_0.name,r1_0.race_creator,w1_0.id,w1_0.birth_day,w1_0.country_code,w1_0.first_name,w1_0.gear_description,w1_0.last_name,w1_0.fk_team,t1_0.id,t1_0.head_sponsor,t1_0.name,w1_0.wins,p1_0.rider_id,p1_1.id,p1_1.count_of_viewers,p1_1.country_code,p1_1.date,p1_1.location,p1_1.name,p1_1.race_creator from race r1_0 left join rider w1_0 on w1_0.id=r1_0.winner_id left join team t1_0 on t1_0.id=w1_0.fk_team left join (rider_program p1_0 join race p1_1 on p1_1.id=p1_0.race_id) on w1_0.id=p1_0.rider_id where r1_0.id=?
Hibernate: insert into calendar (end_year,start_year,id) values (?,?,?)
Hibernate: insert into team (head_sponsor,name,id) values (?,?,?)
Hibernate: insert into rider (birth_day,country_code,first_name,gear_description,last_name,fk_team,wins,id) values (?,?,?,?,?,?,?,?)
Hibernate: insert into race (count_of_viewers,country_code,date,location,name,race_creator,winner_id,id) values (?,?,?,?,?,?,?,default)
Hibernate: update rider set birth_day=?,country_code=?,first_name=?,gear_description=?,last_name=?,fk_team=?,wins=? where id=?
Hibernate: update race set count_of_viewers=?,country_code=?,date=?,location=?,name=?,race_creator=?,winner_id=? where id=?
Hibernate: insert into rider_program (rider_id,race_id) values (?,?)
Hibernate: update race set calendar_id=? where id=?
Hibernate: insert into riders_in_race (race_id,rider_id) values (?,?)
Hibernate: select r1_0.id,r1_0.birth_day,r1_0.country_code,r1_0.first_name,r1_0.gear_description,r1_0.last_name,r1_0.fk_team,r1_0.wins from rider r1_0 where r1_0.first_name=? and r1_0.last_name=?
Hibernate: select t1_0.id,t1_0.head_sponsor,t1_0.name,m1_0.fk_team,m1_0.id,m1_0.birth_day,m1_0.country_code,m1_0.first_name,m1_0.gear_description,m1_0.last_name,m1_0.wins from team t1_0 left join rider m1_0 on t1_0.id=m1_0.fk_team where t1_0.id=?
Hibernate: select r1_0.id,r1_0.birth_day,r1_0.country_code,r1_0.first_name,r1_0.gear_description,r1_0.last_name,r1_0.fk_team,t1_0.id,t1_0.head_sponsor,t1_0.name,r1_0.wins,p1_0.rider_id,p1_1.id,p1_1.count_of_viewers,p1_1.country_code,p1_1.date,p1_1.location,p1_1.name,p1_1.race_creator,w1_0.id,w1_0.birth_day,w1_0.country_code,w1_0.first_name,w1_0.gear_description,w1_0.last_name,w1_0.fk_team,t2_0.id,t2_0.head_sponsor,t2_0.name,w1_0.wins from rider r1_0 join team t1_0 on t1_0.id=r1_0.fk_team left join (rider_program p1_0 join race p1_1 on p1_1.id=p1_0.race_id) on r1_0.id=p1_0.rider_id left join rider w1_0 on w1_0.id=p1_1.winner_id left join team t2_0 on t2_0.id=w1_0.fk_team where r1_0.id=?
Hibernate: select r1_0.id,r1_0.count_of_viewers,r1_0.country_code,r1_0.date,r1_0.location,r1_0.name,r1_0.race_creator,w1_0.id,w1_0.birth_day,w1_0.country_code,w1_0.first_name,w1_0.gear_description,w1_0.last_name,w1_0.fk_team,t1_0.id,t1_0.head_sponsor,t1_0.name,w1_0.wins,p1_0.rider_id,p1_1.id,p1_1.count_of_viewers,p1_1.country_code,p1_1.date,p1_1.location,p1_1.name,p1_1.race_creator from race r1_0 left join rider w1_0 on w1_0.id=r1_0.winner_id left join team t1_0 on t1_0.id=w1_0.fk_team left join (rider_program p1_0 join race p1_1 on p1_1.id=p1_0.race_id) on w1_0.id=p1_0.rider_id where r1_0.id=?
Hibernate: insert into calendar (end_year,start_year,id) values (?,?,?)
Hibernate: insert into team (head_sponsor,name,id) values (?,?,?)
Hibernate: insert into rider (birth_day,country_code,first_name,gear_description,last_name,fk_team,wins,id) values (?,?,?,?,?,?,?,?)
Hibernate: insert into race (count_of_viewers,country_code,date,location,name,race_creator,winner_id,id) values (?,?,?,?,?,?,?,default)
Hibernate: update rider set birth_day=?,country_code=?,first_name=?,gear_description=?,last_name=?,fk_team=?,wins=? where id=?
Hibernate: update race set count_of_viewers=?,country_code=?,date=?,location=?,name=?,race_creator=?,winner_id=? where id=?
Hibernate: insert into rider_program (rider_id,race_id) values (?,?)
Hibernate: update race set calendar_id=? where id=?
Hibernate: insert into riders_in_race (race_id,rider_id) values (?,?)
Hibernate: select r1_0.id,r1_0.birth_day,r1_0.country_code,r1_0.first_name,r1_0.gear_description,r1_0.last_name,r1_0.fk_team,r1_0.wins from rider r1_0 where r1_0.first_name=? and r1_0.last_name=?
Hibernate: select t1_0.id,t1_0.head_sponsor,t1_0.name,m1_0.fk_team,m1_0.id,m1_0.birth_day,m1_0.country_code,m1_0.first_name,m1_0.gear_description,m1_0.last_name,m1_0.wins from team t1_0 left join rider m1_0 on t1_0.id=m1_0.fk_team where t1_0.id=?
Hibernate: select r1_0.id,r1_0.birth_day,r1_0.country_code,r1_0.first_name,r1_0.gear_description,r1_0.last_name,r1_0.fk_team,t1_0.id,t1_0.head_sponsor,t1_0.name,r1_0.wins,p1_0.rider_id,p1_1.id,p1_1.count_of_viewers,p1_1.country_code,p1_1.date,p1_1.location,p1_1.name,p1_1.race_creator,w1_0.id,w1_0.birth_day,w1_0.country_code,w1_0.first_name,w1_0.gear_description,w1_0.last_name,w1_0.fk_team,t2_0.id,t2_0.head_sponsor,t2_0.name,w1_0.wins from rider r1_0 join team t1_0 on t1_0.id=r1_0.fk_team left join (rider_program p1_0 join race p1_1 on p1_1.id=p1_0.race_id) on r1_0.id=p1_0.rider_id left join rider w1_0 on w1_0.id=p1_1.winner_id left join team t2_0 on t2_0.id=w1_0.fk_team where r1_0.id=?
Hibernate: select r1_0.id,r1_0.count_of_viewers,r1_0.country_code,r1_0.date,r1_0.location,r1_0.name,r1_0.race_creator,w1_0.id,w1_0.birth_day,w1_0.country_code,w1_0.first_name,w1_0.gear_description,w1_0.last_name,w1_0.fk_team,t1_0.id,t1_0.head_sponsor,t1_0.name,w1_0.wins,p1_0.rider_id,p1_1.id,p1_1.count_of_viewers,p1_1.country_code,p1_1.date,p1_1.location,p1_1.name,p1_1.race_creator from race r1_0 left join rider w1_0 on w1_0.id=r1_0.winner_id left join team t1_0 on t1_0.id=w1_0.fk_team left join (rider_program p1_0 join race p1_1 on p1_1.id=p1_0.race_id) on w1_0.id=p1_0.rider_id where r1_0.id=?
Hibernate: insert into calendar (end_year,start_year,id) values (?,?,?)
Hibernate: insert into team (head_sponsor,name,id) values (?,?,?)
Hibernate: insert into rider (birth_day,country_code,first_name,gear_description,last_name,fk_team,wins,id) values (?,?,?,?,?,?,?,?)
Hibernate: insert into race (count_of_viewers,country_code,date,location,name,race_creator,winner_id,id) values (?,?,?,?,?,?,?,default)
Hibernate: update rider set birth_day=?,country_code=?,first_name=?,gear_description=?,last_name=?,fk_team=?,wins=? where id=?
Hibernate: update race set count_of_viewers=?,country_code=?,date=?,location=?,name=?,race_creator=?,winner_id=? where id=?
Hibernate: insert into rider_program (rider_id,race_id) values (?,?)
Hibernate: update race set calendar_id=? where id=?
Hibernate: insert into riders_in_race (race_id,rider_id) values (?,?)
Hibernate: select r1_0.id,r1_0.birth_day,r1_0.country_code,r1_0.first_name,r1_0.gear_description,r1_0.last_name,r1_0.fk_team,r1_0.wins from rider r1_0 where r1_0.first_name=? and r1_0.last_name=?
Hibernate: select t1_0.id,t1_0.head_sponsor,t1_0.name,m1_0.fk_team,m1_0.id,m1_0.birth_day,m1_0.country_code,m1_0.first_name,m1_0.gear_description,m1_0.last_name,m1_0.wins from team t1_0 left join rider m1_0 on t1_0.id=m1_0.fk_team where t1_0.id=?
Hibernate: select r1_0.id,r1_0.birth_day,r1_0.country_code,r1_0.first_name,r1_0.gear_description,r1_0.last_name,r1_0.fk_team,t1_0.id,t1_0.head_sponsor,t1_0.name,r1_0.wins,p1_0.rider_id,p1_1.id,p1_1.count_of_viewers,p1_1.country_code,p1_1.date,p1_1.location,p1_1.name,p1_1.race_creator,w1_0.id,w1_0.birth_day,w1_0.country_code,w1_0.first_name,w1_0.gear_description,w1_0.last_name,w1_0.fk_team,t2_0.id,t2_0.head_sponsor,t2_0.name,w1_0.wins from rider r1_0 join team t1_0 on t1_0.id=r1_0.fk_team left join (rider_program p1_0 join race p1_1 on p1_1.id=p1_0.race_id) on r1_0.id=p1_0.rider_id left join rider w1_0 on w1_0.id=p1_1.winner_id left join team t2_0 on t2_0.id=w1_0.fk_team where r1_0.id=?
Hibernate: select r1_0.id,r1_0.count_of_viewers,r1_0.country_code,r1_0.date,r1_0.location,r1_0.name,r1_0.race_creator,w1_0.id,w1_0.birth_day,w1_0.country_code,w1_0.first_name,w1_0.gear_description,w1_0.last_name,w1_0.fk_team,t1_0.id,t1_0.head_sponsor,t1_0.name,w1_0.wins,p1_0.rider_id,p1_1.id,p1_1.count_of_viewers,p1_1.country_code,p1_1.date,p1_1.location,p1_1.name,p1_1.race_creator from race r1_0 left join rider w1_0 on w1_0.id=r1_0.winner_id left join team t1_0 on t1_0.id=w1_0.fk_team left join (rider_program p1_0 join race p1_1 on p1_1.id=p1_0.race_id) on w1_0.id=p1_0.rider_id where r1_0.id=?
Hibernate: insert into calendar (end_year,start_year,id) values (?,?,?)
Hibernate: insert into team (head_sponsor,name,id) values (?,?,?)
Hibernate: insert into rider (birth_day,country_code,first_name,gear_description,last_name,fk_team,wins,id) values (?,?,?,?,?,?,?,?)
Hibernate: insert into race (count_of_viewers,country_code,date,location,name,race_creator,winner_id,id) values (?,?,?,?,?,?,?,default)
Hibernate: update rider set birth_day=?,country_code=?,first_name=?,gear_description=?,last_name=?,fk_team=?,wins=? where id=?
Hibernate: update race set count_of_viewers=?,country_code=?,date=?,location=?,name=?,race_creator=?,winner_id=? where id=?
Hibernate: insert into rider_program (rider_id,race_id) values (?,?)
Hibernate: update race set calendar_id=? where id=?
Hibernate: insert into riders_in_race (race_id,rider_id) values (?,?)
Hibernate: select r1_0.id,r1_0.birth_day,r1_0.country_code,r1_0.first_name,r1_0.gear_description,r1_0.last_name,r1_0.fk_team,r1_0.wins from rider r1_0 where r1_0.first_name=? and r1_0.last_name=?
Hibernate: select t1_0.id,t1_0.head_sponsor,t1_0.name,m1_0.fk_team,m1_0.id,m1_0.birth_day,m1_0.country_code,m1_0.first_name,m1_0.gear_description,m1_0.last_name,m1_0.wins from team t1_0 left join rider m1_0 on t1_0.id=m1_0.fk_team where t1_0.id=?
Hibernate: select r1_0.id,r1_0.birth_day,r1_0.country_code,r1_0.first_name,r1_0.gear_description,r1_0.last_name,r1_0.fk_team,t1_0.id,t1_0.head_sponsor,t1_0.name,r1_0.wins,p1_0.rider_id,p1_1.id,p1_1.count_of_viewers,p1_1.country_code,p1_1.date,p1_1.location,p1_1.name,p1_1.race_creator,w1_0.id,w1_0.birth_day,w1_0.country_code,w1_0.first_name,w1_0.gear_description,w1_0.last_name,w1_0.fk_team,t2_0.id,t2_0.head_sponsor,t2_0.name,w1_0.wins from rider r1_0 join team t1_0 on t1_0.id=r1_0.fk_team left join (rider_program p1_0 join race p1_1 on p1_1.id=p1_0.race_id) on r1_0.id=p1_0.rider_id left join rider w1_0 on w1_0.id=p1_1.winner_id left join team t2_0 on t2_0.id=w1_0.fk_team where r1_0.id=?
Hibernate: select r1_0.id,r1_0.count_of_viewers,r1_0.country_code,r1_0.date,r1_0.location,r1_0.name,r1_0.race_creator,w1_0.id,w1_0.birth_day,w1_0.country_code,w1_0.first_name,w1_0.gear_description,w1_0.last_name,w1_0.fk_team,t1_0.id,t1_0.head_sponsor,t1_0.name,w1_0.wins,p1_0.rider_id,p1_1.id,p1_1.count_of_viewers,p1_1.country_code,p1_1.date,p1_1.location,p1_1.name,p1_1.race_creator from race r1_0 left join rider w1_0 on w1_0.id=r1_0.winner_id left join team t1_0 on t1_0.id=w1_0.fk_team left join (rider_program p1_0 join race p1_1 on p1_1.id=p1_0.race_id) on w1_0.id=p1_0.rider_id where r1_0.id=?
Hibernate: insert into calendar (end_year,start_year,id) values (?,?,?)
Hibernate: insert into team (head_sponsor,name,id) values (?,?,?)
Hibernate: insert into rider (birth_day,country_code,first_name,gear_description,last_name,fk_team,wins,id) values (?,?,?,?,?,?,?,?)
Hibernate: insert into race (count_of_viewers,country_code,date,location,name,race_creator,winner_id,id) values (?,?,?,?,?,?,?,default)
Hibernate: update rider set birth_day=?,country_code=?,first_name=?,gear_description=?,last_name=?,fk_team=?,wins=? where id=?
Hibernate: update race set count_of_viewers=?,country_code=?,date=?,location=?,name=?,race_creator=?,winner_id=? where id=?
Hibernate: insert into rider_program (rider_id,race_id) values (?,?)
Hibernate: update race set calendar_id=? where id=?
Hibernate: insert into riders_in_race (race_id,rider_id) values (?,?)
Hibernate: select r1_0.id,r1_0.birth_day,r1_0.country_code,r1_0.first_name,r1_0.gear_description,r1_0.last_name,r1_0.fk_team,r1_0.wins from rider r1_0 where r1_0.first_name=? and r1_0.last_name=?
Hibernate: insert into rider_program (rider_id,race_id) values (?,?)
]]></system-out>
    <system-err><![CDATA[WARNING: A Java agent has been loaded dynamically (C:\Users\Jonas Notredame\.m2\repository\net\bytebuddy\byte-buddy-agent\1.14.9\byte-buddy-agent-1.14.9.jar)
WARNING: If a serviceability tool is in use, please run with -XX:+EnableDynamicAgentLoading to hide this warning
WARNING: If a serviceability tool is not in use, please run with -Djdk.instrument.traceUsage for more information
WARNING: Dynamic loading of agents will be disallowed by default in a future release
]]></system-err>
  </testcase>
</testsuite>